Running: C:\Xilinx\14.7\ISE_DS\ISE\bin\nt64\unwrapped\fuse.exe -intstyle ise -incremental -lib unisims_ver -lib unimacro_ver -lib xilinxcorelib_ver -lib secureip -o C:/Users/HP/Desktop/Xilinx/SevenSegmentDisplay/uut_isim_beh.exe -prj C:/Users/HP/Desktop/Xilinx/SevenSegmentDisplay/uut_beh.prj work.uut work.glbl 
ISim P.20131013 (signature 0x7708f090)
Number of CPUs detected in this system: 4
Turning on mult-threading, number of parallel sub-compilation jobs: 8 
Determining compilation order of HDL files
Analyzing Verilog file "C:/Users/HP/Desktop/Xilinx/SevenSegmentDisplay/FullAdder.v" into library work
Analyzing Verilog file "C:/Users/HP/Desktop/Xilinx/SevenSegmentDisplay/SevenSegmentDecoder.v" into library work
Analyzing Verilog file "C:/Users/HP/Desktop/Xilinx/SevenSegmentDisplay/FourBitAdder.v" into library work
Analyzing Verilog file "C:/Users/HP/Desktop/Xilinx/SevenSegmentDisplay/top.v" into library work
Analyzing Verilog file "C:/Users/HP/Desktop/Xilinx/SevenSegmentDisplay/uut.v" into library work
Analyzing Verilog file "C:/Xilinx/14.7/ISE_DS/ISE//verilog/src/glbl.v" into library work
Starting static elaboration
Completed static elaboration
Compiling module FullAdder
Compiling module FourBitAdder
Compiling module SevenSegmentDecoder
Compiling module top
Compiling module uut
Compiling module glbl
Time Resolution for simulation is 1ps.
Waiting for 1 sub-compilation(s) to finish...
Compiled 6 Verilog Units
Built simulation executable C:/Users/HP/Desktop/Xilinx/SevenSegmentDisplay/uut_isim_beh.exe
Fuse Memory Usage: 27036 KB
Fuse CPU Usage: 405 ms
