--------------------------------------------------------------------------------
Release 14.7 Trace  (nt64)
Copyright (c) 1995-2013 Xilinx, Inc.  All rights reserved.

C:\Xilinx\14.7\ISE_DS\ISE\bin\nt64\unwrapped\trce.exe -intstyle ise -v 3 -s 3
-n 3 -fastpaths -xml bad_ALU.twx bad_ALU.ncd -o bad_ALU.twr bad_ALU.pcf

Design file:              bad_ALU.ncd
Physical constraint file: bad_ALU.pcf
Device,package,speed:     xc6slx4,tqg144,C,-3 (PRODUCTION 1.23 2013-10-13)
Report level:             verbose report

Environment Variable      Effect 
--------------------      ------ 
NONE                      No environment variables were set
--------------------------------------------------------------------------------

INFO:Timing:2698 - No timing constraints found, doing default enumeration.
INFO:Timing:3412 - To improve timing, see the Timing Closure User Guide (UG612).
INFO:Timing:2752 - To get complete path coverage, use the unconstrained paths 
   option. All paths that are not constrained will be reported in the 
   unconstrained paths section(s) of the report.
INFO:Timing:3339 - The clock-to-out numbers in this timing report are based on 
   a 50 Ohm transmission line loading model.  For the details of this model, 
   and for more information on accounting for different loading conditions, 
   please see the device datasheet.



Data Sheet report:
-----------------
All values displayed in nanoseconds (ns)

Setup/Hold to clock aluop<0>
------------+------------+------------+------------+------------+---------------------------+--------+
            |Max Setup to|  Process   |Max Hold to |  Process   |                           | Clock  |
Source      | clk (edge) |   Corner   | clk (edge) |   Corner   |Internal Clock(s)          | Phase  |
------------+------------+------------+------------+------------+---------------------------+--------+
a<0>        |   -0.872(R)|      FAST  |    1.866(R)|      SLOW  |aluop[3]_PWR_1_o_equal_13_o|   0.000|
a<1>        |   -0.894(R)|      FAST  |    2.020(R)|      SLOW  |aluop[3]_PWR_1_o_equal_13_o|   0.000|
a<2>        |   -0.666(R)|      FAST  |    1.601(R)|      SLOW  |aluop[3]_PWR_1_o_equal_13_o|   0.000|
a<3>        |   -1.176(R)|      FAST  |    2.260(R)|      SLOW  |aluop[3]_PWR_1_o_equal_13_o|   0.000|
a<4>        |   -1.522(R)|      FAST  |    2.775(R)|      SLOW  |aluop[3]_PWR_1_o_equal_13_o|   0.000|
a<5>        |   -1.149(R)|      FAST  |    2.525(R)|      SLOW  |aluop[3]_PWR_1_o_equal_13_o|   0.000|
a<6>        |   -1.377(R)|      FAST  |    2.588(R)|      SLOW  |aluop[3]_PWR_1_o_equal_13_o|   0.000|
a<7>        |   -0.549(R)|      FAST  |    1.568(R)|      SLOW  |aluop[3]_PWR_1_o_equal_13_o|   0.000|
a<8>        |   -1.049(R)|      FAST  |    2.501(R)|      SLOW  |aluop[3]_PWR_1_o_equal_13_o|   0.000|
a<9>        |   -1.149(R)|      FAST  |    2.756(R)|      SLOW  |aluop[3]_PWR_1_o_equal_13_o|   0.000|
a<10>       |   -1.573(R)|      FAST  |    2.971(R)|      SLOW  |aluop[3]_PWR_1_o_equal_13_o|   0.000|
a<11>       |   -1.439(R)|      FAST  |    2.771(R)|      SLOW  |aluop[3]_PWR_1_o_equal_13_o|   0.000|
a<12>       |   -0.570(R)|      FAST  |    1.424(R)|      SLOW  |aluop[3]_PWR_1_o_equal_13_o|   0.000|
a<13>       |   -0.251(R)|      SLOW  |    1.169(R)|      SLOW  |aluop[3]_PWR_1_o_equal_13_o|   0.000|
a<14>       |   -0.421(R)|      SLOW  |    1.262(R)|      SLOW  |aluop[3]_PWR_1_o_equal_13_o|   0.000|
a<15>       |   -0.181(R)|      SLOW  |    1.177(R)|      SLOW  |aluop[3]_PWR_1_o_equal_13_o|   0.000|
a<16>       |   -0.062(R)|      SLOW  |    0.922(R)|      SLOW  |aluop[3]_PWR_1_o_equal_13_o|   0.000|
a<17>       |   -0.103(R)|      SLOW  |    1.198(R)|      SLOW  |aluop[3]_PWR_1_o_equal_13_o|   0.000|
a<18>       |   -0.327(R)|      FAST  |    1.210(R)|      SLOW  |aluop[3]_PWR_1_o_equal_13_o|   0.000|
a<19>       |   -0.654(R)|      FAST  |    1.588(R)|      SLOW  |aluop[3]_PWR_1_o_equal_13_o|   0.000|
a<20>       |   -0.704(R)|      FAST  |    2.023(R)|      SLOW  |aluop[3]_PWR_1_o_equal_13_o|   0.000|
a<21>       |   -0.373(R)|      SLOW  |    1.377(R)|      SLOW  |aluop[3]_PWR_1_o_equal_13_o|   0.000|
a<22>       |   -0.443(R)|      FAST  |    1.614(R)|      SLOW  |aluop[3]_PWR_1_o_equal_13_o|   0.000|
a<23>       |   -1.074(R)|      FAST  |    2.114(R)|      SLOW  |aluop[3]_PWR_1_o_equal_13_o|   0.000|
a<24>       |   -0.919(R)|      FAST  |    2.292(R)|      SLOW  |aluop[3]_PWR_1_o_equal_13_o|   0.000|
a<25>       |   -0.649(R)|      FAST  |    1.601(R)|      SLOW  |aluop[3]_PWR_1_o_equal_13_o|   0.000|
a<26>       |   -0.981(R)|      FAST  |    2.023(R)|      SLOW  |aluop[3]_PWR_1_o_equal_13_o|   0.000|
a<27>       |   -0.990(R)|      FAST  |    2.006(R)|      SLOW  |aluop[3]_PWR_1_o_equal_13_o|   0.000|
a<28>       |   -0.862(R)|      FAST  |    1.881(R)|      SLOW  |aluop[3]_PWR_1_o_equal_13_o|   0.000|
a<29>       |   -0.072(R)|      SLOW  |    1.293(R)|      SLOW  |aluop[3]_PWR_1_o_equal_13_o|   0.000|
a<30>       |   -1.139(R)|      FAST  |    2.259(R)|      SLOW  |aluop[3]_PWR_1_o_equal_13_o|   0.000|
a<31>       |   -1.387(R)|      FAST  |    2.594(R)|      SLOW  |aluop[3]_PWR_1_o_equal_13_o|   0.000|
b<0>        |   -1.153(R)|      FAST  |    2.097(R)|      SLOW  |aluop[3]_PWR_1_o_equal_13_o|   0.000|
b<1>        |   -0.782(R)|      FAST  |    1.595(R)|      SLOW  |aluop[3]_PWR_1_o_equal_13_o|   0.000|
b<2>        |   -0.779(R)|      FAST  |    1.665(R)|      SLOW  |aluop[3]_PWR_1_o_equal_13_o|   0.000|
b<3>        |   -0.263(R)|      SLOW  |    1.079(R)|      SLOW  |aluop[3]_PWR_1_o_equal_13_o|   0.000|
b<4>        |   -0.482(R)|      SLOW  |    1.289(R)|      SLOW  |aluop[3]_PWR_1_o_equal_13_o|   0.000|
b<5>        |   -0.935(R)|      FAST  |    1.807(R)|      SLOW  |aluop[3]_PWR_1_o_equal_13_o|   0.000|
b<6>        |   -0.992(R)|      FAST  |    1.948(R)|      SLOW  |aluop[3]_PWR_1_o_equal_13_o|   0.000|
b<7>        |   -0.690(R)|      SLOW  |    1.484(R)|      SLOW  |aluop[3]_PWR_1_o_equal_13_o|   0.000|
b<8>        |   -1.024(R)|      FAST  |    1.981(R)|      SLOW  |aluop[3]_PWR_1_o_equal_13_o|   0.000|
b<9>        |   -0.748(R)|      FAST  |    1.563(R)|      SLOW  |aluop[3]_PWR_1_o_equal_13_o|   0.000|
b<10>       |   -0.939(R)|      FAST  |    1.937(R)|      SLOW  |aluop[3]_PWR_1_o_equal_13_o|   0.000|
b<11>       |   -1.368(R)|      FAST  |    2.523(R)|      SLOW  |aluop[3]_PWR_1_o_equal_13_o|   0.000|
b<12>       |   -1.260(R)|      FAST  |    2.475(R)|      SLOW  |aluop[3]_PWR_1_o_equal_13_o|   0.000|
b<13>       |   -1.369(R)|      FAST  |    2.548(R)|      SLOW  |aluop[3]_PWR_1_o_equal_13_o|   0.000|
b<14>       |   -1.729(R)|      FAST  |    3.042(R)|      SLOW  |aluop[3]_PWR_1_o_equal_13_o|   0.000|
b<15>       |   -1.482(R)|      FAST  |    2.661(R)|      SLOW  |aluop[3]_PWR_1_o_equal_13_o|   0.000|
b<16>       |   -1.261(R)|      FAST  |    2.368(R)|      SLOW  |aluop[3]_PWR_1_o_equal_13_o|   0.000|
b<17>       |   -1.570(R)|      FAST  |    2.805(R)|      SLOW  |aluop[3]_PWR_1_o_equal_13_o|   0.000|
b<18>       |   -1.656(R)|      FAST  |    3.005(R)|      SLOW  |aluop[3]_PWR_1_o_equal_13_o|   0.000|
b<19>       |   -1.145(R)|      FAST  |    2.251(R)|      SLOW  |aluop[3]_PWR_1_o_equal_13_o|   0.000|
b<20>       |   -1.449(R)|      FAST  |    2.689(R)|      SLOW  |aluop[3]_PWR_1_o_equal_13_o|   0.000|
b<21>       |   -1.444(R)|      FAST  |    2.653(R)|      SLOW  |aluop[3]_PWR_1_o_equal_13_o|   0.000|
b<22>       |   -1.329(R)|      FAST  |    2.567(R)|      SLOW  |aluop[3]_PWR_1_o_equal_13_o|   0.000|
b<23>       |   -1.015(R)|      FAST  |    2.034(R)|      SLOW  |aluop[3]_PWR_1_o_equal_13_o|   0.000|
b<24>       |   -0.866(R)|      FAST  |    1.826(R)|      SLOW  |aluop[3]_PWR_1_o_equal_13_o|   0.000|
b<25>       |   -0.716(R)|      FAST  |    1.592(R)|      SLOW  |aluop[3]_PWR_1_o_equal_13_o|   0.000|
b<26>       |   -0.916(R)|      FAST  |    1.935(R)|      SLOW  |aluop[3]_PWR_1_o_equal_13_o|   0.000|
b<27>       |   -0.785(R)|      FAST  |    1.707(R)|      SLOW  |aluop[3]_PWR_1_o_equal_13_o|   0.000|
b<28>       |   -0.821(R)|      FAST  |    1.798(R)|      SLOW  |aluop[3]_PWR_1_o_equal_13_o|   0.000|
b<29>       |   -0.780(R)|      FAST  |    1.665(R)|      SLOW  |aluop[3]_PWR_1_o_equal_13_o|   0.000|
b<30>       |   -0.873(R)|      FAST  |    1.864(R)|      SLOW  |aluop[3]_PWR_1_o_equal_13_o|   0.000|
b<31>       |   -0.672(R)|      FAST  |    1.546(R)|      SLOW  |aluop[3]_PWR_1_o_equal_13_o|   0.000|
------------+------------+------------+------------+------------+---------------------------+--------+

Setup/Hold to clock aluop<1>
------------+------------+------------+------------+------------+---------------------------+--------+
            |Max Setup to|  Process   |Max Hold to |  Process   |                           | Clock  |
Source      | clk (edge) |   Corner   | clk (edge) |   Corner   |Internal Clock(s)          | Phase  |
------------+------------+------------+------------+------------+---------------------------+--------+
a<0>        |    0.306(R)|      SLOW  |    0.435(R)|      SLOW  |aluop[3]_PWR_1_o_equal_13_o|   0.000|
a<1>        |    0.332(R)|      SLOW  |    0.589(R)|      SLOW  |aluop[3]_PWR_1_o_equal_13_o|   0.000|
a<2>        |    0.634(R)|      SLOW  |    0.239(R)|      FAST  |aluop[3]_PWR_1_o_equal_13_o|   0.000|
a<3>        |   -0.101(R)|      SLOW  |    0.829(R)|      SLOW  |aluop[3]_PWR_1_o_equal_13_o|   0.000|
a<4>        |   -0.560(R)|      FAST  |    1.344(R)|      SLOW  |aluop[3]_PWR_1_o_equal_13_o|   0.000|
a<5>        |   -0.105(R)|      SLOW  |    1.094(R)|      SLOW  |aluop[3]_PWR_1_o_equal_13_o|   0.000|
a<6>        |   -0.415(R)|      FAST  |    1.157(R)|      SLOW  |aluop[3]_PWR_1_o_equal_13_o|   0.000|
a<7>        |    0.811(R)|      SLOW  |    0.194(R)|      FAST  |aluop[3]_PWR_1_o_equal_13_o|   0.000|
a<8>        |   -0.037(R)|      SLOW  |    1.070(R)|      SLOW  |aluop[3]_PWR_1_o_equal_13_o|   0.000|
a<9>        |   -0.187(R)|      FAST  |    1.325(R)|      SLOW  |aluop[3]_PWR_1_o_equal_13_o|   0.000|
a<10>       |   -0.611(R)|      FAST  |    1.540(R)|      SLOW  |aluop[3]_PWR_1_o_equal_13_o|   0.000|
a<11>       |   -0.477(R)|      FAST  |    1.340(R)|      SLOW  |aluop[3]_PWR_1_o_equal_13_o|   0.000|
a<12>       |    0.771(R)|      SLOW  |    0.056(R)|      FAST  |aluop[3]_PWR_1_o_equal_13_o|   0.000|
a<13>       |    1.118(R)|      SLOW  |   -0.158(R)|      FAST  |aluop[3]_PWR_1_o_equal_13_o|   0.000|
a<14>       |    0.948(R)|      SLOW  |   -0.053(R)|      FAST  |aluop[3]_PWR_1_o_equal_13_o|   0.000|
a<15>       |    1.188(R)|      SLOW  |   -0.137(R)|      FAST  |aluop[3]_PWR_1_o_equal_13_o|   0.000|
a<16>       |    1.307(R)|      SLOW  |   -0.278(R)|      FAST  |aluop[3]_PWR_1_o_equal_13_o|   0.000|
a<17>       |    1.266(R)|      SLOW  |   -0.164(R)|      FAST  |aluop[3]_PWR_1_o_equal_13_o|   0.000|
a<18>       |    1.033(R)|      SLOW  |   -0.129(R)|      FAST  |aluop[3]_PWR_1_o_equal_13_o|   0.000|
a<19>       |    0.616(R)|      SLOW  |    0.157(R)|      SLOW  |aluop[3]_PWR_1_o_equal_13_o|   0.000|
a<20>       |    0.462(R)|      SLOW  |    0.592(R)|      SLOW  |aluop[3]_PWR_1_o_equal_13_o|   0.000|
a<21>       |    0.996(R)|      SLOW  |   -0.006(R)|      FAST  |aluop[3]_PWR_1_o_equal_13_o|   0.000|
a<22>       |    0.920(R)|      SLOW  |    0.183(R)|      SLOW  |aluop[3]_PWR_1_o_equal_13_o|   0.000|
a<23>       |    0.069(R)|      SLOW  |    0.683(R)|      SLOW  |aluop[3]_PWR_1_o_equal_13_o|   0.000|
a<24>       |    0.186(R)|      SLOW  |    0.861(R)|      SLOW  |aluop[3]_PWR_1_o_equal_13_o|   0.000|
a<25>       |    0.672(R)|      SLOW  |    0.170(R)|      SLOW  |aluop[3]_PWR_1_o_equal_13_o|   0.000|
a<26>       |    0.214(R)|      SLOW  |    0.592(R)|      SLOW  |aluop[3]_PWR_1_o_equal_13_o|   0.000|
a<27>       |    0.184(R)|      SLOW  |    0.575(R)|      SLOW  |aluop[3]_PWR_1_o_equal_13_o|   0.000|
a<28>       |    0.345(R)|      SLOW  |    0.450(R)|      SLOW  |aluop[3]_PWR_1_o_equal_13_o|   0.000|
a<29>       |    1.297(R)|      SLOW  |   -0.062(R)|      FAST  |aluop[3]_PWR_1_o_equal_13_o|   0.000|
a<30>       |   -0.040(R)|      SLOW  |    0.828(R)|      SLOW  |aluop[3]_PWR_1_o_equal_13_o|   0.000|
a<31>       |   -0.425(R)|      FAST  |    1.163(R)|      SLOW  |aluop[3]_PWR_1_o_equal_13_o|   0.000|
b<0>        |    0.037(R)|      SLOW  |    0.666(R)|      SLOW  |aluop[3]_PWR_1_o_equal_13_o|   0.000|
b<1>        |    0.562(R)|      SLOW  |    0.248(R)|      FAST  |aluop[3]_PWR_1_o_equal_13_o|   0.000|
b<2>        |    0.488(R)|      SLOW  |    0.245(R)|      FAST  |aluop[3]_PWR_1_o_equal_13_o|   0.000|
b<3>        |    1.106(R)|      SLOW  |   -0.119(R)|      FAST  |aluop[3]_PWR_1_o_equal_13_o|   0.000|
b<4>        |    0.887(R)|      SLOW  |    0.049(R)|      FAST  |aluop[3]_PWR_1_o_equal_13_o|   0.000|
b<5>        |    0.340(R)|      SLOW  |    0.395(R)|      FAST  |aluop[3]_PWR_1_o_equal_13_o|   0.000|
b<6>        |    0.191(R)|      SLOW  |    0.517(R)|      SLOW  |aluop[3]_PWR_1_o_equal_13_o|   0.000|
b<7>        |    0.679(R)|      SLOW  |    0.181(R)|      FAST  |aluop[3]_PWR_1_o_equal_13_o|   0.000|
b<8>        |    0.152(R)|      SLOW  |    0.550(R)|      SLOW  |aluop[3]_PWR_1_o_equal_13_o|   0.000|
b<9>        |    0.594(R)|      SLOW  |    0.215(R)|      FAST  |aluop[3]_PWR_1_o_equal_13_o|   0.000|
b<10>       |    0.199(R)|      SLOW  |    0.506(R)|      SLOW  |aluop[3]_PWR_1_o_equal_13_o|   0.000|
b<11>       |   -0.406(R)|      FAST  |    1.092(R)|      SLOW  |aluop[3]_PWR_1_o_equal_13_o|   0.000|
b<12>       |   -0.298(R)|      FAST  |    1.044(R)|      SLOW  |aluop[3]_PWR_1_o_equal_13_o|   0.000|
b<13>       |   -0.407(R)|      FAST  |    1.117(R)|      SLOW  |aluop[3]_PWR_1_o_equal_13_o|   0.000|
b<14>       |   -0.767(R)|      FAST  |    1.611(R)|      SLOW  |aluop[3]_PWR_1_o_equal_13_o|   0.000|
b<15>       |   -0.520(R)|      FAST  |    1.230(R)|      SLOW  |aluop[3]_PWR_1_o_equal_13_o|   0.000|
b<16>       |   -0.249(R)|      SLOW  |    0.937(R)|      SLOW  |aluop[3]_PWR_1_o_equal_13_o|   0.000|
b<17>       |   -0.608(R)|      FAST  |    1.374(R)|      SLOW  |aluop[3]_PWR_1_o_equal_13_o|   0.000|
b<18>       |   -0.694(R)|      FAST  |    1.574(R)|      SLOW  |aluop[3]_PWR_1_o_equal_13_o|   0.000|
b<19>       |   -0.134(R)|      SLOW  |    0.820(R)|      SLOW  |aluop[3]_PWR_1_o_equal_13_o|   0.000|
b<20>       |   -0.487(R)|      FAST  |    1.258(R)|      SLOW  |aluop[3]_PWR_1_o_equal_13_o|   0.000|
b<21>       |   -0.482(R)|      FAST  |    1.222(R)|      SLOW  |aluop[3]_PWR_1_o_equal_13_o|   0.000|
b<22>       |   -0.367(R)|      FAST  |    1.136(R)|      SLOW  |aluop[3]_PWR_1_o_equal_13_o|   0.000|
b<23>       |    0.098(R)|      SLOW  |    0.603(R)|      SLOW  |aluop[3]_PWR_1_o_equal_13_o|   0.000|
b<24>       |    0.319(R)|      SLOW  |    0.395(R)|      SLOW  |aluop[3]_PWR_1_o_equal_13_o|   0.000|
b<25>       |    0.566(R)|      SLOW  |    0.184(R)|      FAST  |aluop[3]_PWR_1_o_equal_13_o|   0.000|
b<26>       |    0.206(R)|      SLOW  |    0.504(R)|      SLOW  |aluop[3]_PWR_1_o_equal_13_o|   0.000|
b<27>       |    0.443(R)|      SLOW  |    0.276(R)|      SLOW  |aluop[3]_PWR_1_o_equal_13_o|   0.000|
b<28>       |    0.352(R)|      SLOW  |    0.367(R)|      SLOW  |aluop[3]_PWR_1_o_equal_13_o|   0.000|
b<29>       |    0.490(R)|      SLOW  |    0.245(R)|      FAST  |aluop[3]_PWR_1_o_equal_13_o|   0.000|
b<30>       |    0.279(R)|      SLOW  |    0.433(R)|      SLOW  |aluop[3]_PWR_1_o_equal_13_o|   0.000|
b<31>       |    0.616(R)|      SLOW  |    0.145(R)|      FAST  |aluop[3]_PWR_1_o_equal_13_o|   0.000|
------------+------------+------------+------------+------------+---------------------------+--------+

Setup/Hold to clock aluop<2>
------------+------------+------------+------------+------------+---------------------------+--------+
            |Max Setup to|  Process   |Max Hold to |  Process   |                           | Clock  |
Source      | clk (edge) |   Corner   | clk (edge) |   Corner   |Internal Clock(s)          | Phase  |
------------+------------+------------+------------+------------+---------------------------+--------+
a<0>        |    1.584(R)|      SLOW  |   -0.504(R)|      FAST  |aluop[3]_PWR_1_o_equal_13_o|   0.000|
a<1>        |    1.610(R)|      SLOW  |   -0.397(R)|      FAST  |aluop[3]_PWR_1_o_equal_13_o|   0.000|
a<2>        |    1.912(R)|      SLOW  |   -0.629(R)|      FAST  |aluop[3]_PWR_1_o_equal_13_o|   0.000|
a<3>        |    1.177(R)|      SLOW  |   -0.225(R)|      FAST  |aluop[3]_PWR_1_o_equal_13_o|   0.000|
a<4>        |    0.632(R)|      SLOW  |    0.118(R)|      FAST  |aluop[3]_PWR_1_o_equal_13_o|   0.000|
a<5>        |    1.173(R)|      SLOW  |   -0.090(R)|      FAST  |aluop[3]_PWR_1_o_equal_13_o|   0.000|
a<6>        |    0.840(R)|      SLOW  |   -0.019(R)|      FAST  |aluop[3]_PWR_1_o_equal_13_o|   0.000|
a<7>        |    2.089(R)|      SLOW  |   -0.674(R)|      FAST  |aluop[3]_PWR_1_o_equal_13_o|   0.000|
a<8>        |    1.241(R)|      SLOW  |   -0.116(R)|      FAST  |aluop[3]_PWR_1_o_equal_13_o|   0.000|
a<9>        |    1.044(R)|      SLOW  |   -0.004(R)|      FAST  |aluop[3]_PWR_1_o_equal_13_o|   0.000|
a<10>       |    0.484(R)|      SLOW  |    0.226(R)|      FAST  |aluop[3]_PWR_1_o_equal_13_o|   0.000|
a<11>       |    0.685(R)|      SLOW  |    0.054(R)|      FAST  |aluop[3]_PWR_1_o_equal_13_o|   0.000|
a<12>       |    2.049(R)|      SLOW  |   -0.812(R)|      FAST  |aluop[3]_PWR_1_o_equal_13_o|   0.000|
a<13>       |    2.396(R)|      SLOW  |   -1.026(R)|      FAST  |aluop[3]_PWR_1_o_equal_13_o|   0.000|
a<14>       |    2.226(R)|      SLOW  |   -0.921(R)|      FAST  |aluop[3]_PWR_1_o_equal_13_o|   0.000|
a<15>       |    2.466(R)|      SLOW  |   -1.005(R)|      FAST  |aluop[3]_PWR_1_o_equal_13_o|   0.000|
a<16>       |    2.585(R)|      SLOW  |   -1.146(R)|      FAST  |aluop[3]_PWR_1_o_equal_13_o|   0.000|
a<17>       |    2.544(R)|      SLOW  |   -1.032(R)|      FAST  |aluop[3]_PWR_1_o_equal_13_o|   0.000|
a<18>       |    2.311(R)|      SLOW  |   -0.997(R)|      FAST  |aluop[3]_PWR_1_o_equal_13_o|   0.000|
a<19>       |    1.894(R)|      SLOW  |   -0.714(R)|      FAST  |aluop[3]_PWR_1_o_equal_13_o|   0.000|
a<20>       |    1.740(R)|      SLOW  |   -0.428(R)|      FAST  |aluop[3]_PWR_1_o_equal_13_o|   0.000|
a<21>       |    2.274(R)|      SLOW  |   -0.874(R)|      FAST  |aluop[3]_PWR_1_o_equal_13_o|   0.000|
a<22>       |    2.198(R)|      SLOW  |   -0.687(R)|      FAST  |aluop[3]_PWR_1_o_equal_13_o|   0.000|
a<23>       |    1.347(R)|      SLOW  |   -0.308(R)|      FAST  |aluop[3]_PWR_1_o_equal_13_o|   0.000|
a<24>       |    1.464(R)|      SLOW  |   -0.219(R)|      FAST  |aluop[3]_PWR_1_o_equal_13_o|   0.000|
a<25>       |    1.950(R)|      SLOW  |   -0.723(R)|      FAST  |aluop[3]_PWR_1_o_equal_13_o|   0.000|
a<26>       |    1.492(R)|      SLOW  |   -0.386(R)|      FAST  |aluop[3]_PWR_1_o_equal_13_o|   0.000|
a<27>       |    1.462(R)|      SLOW  |   -0.389(R)|      FAST  |aluop[3]_PWR_1_o_equal_13_o|   0.000|
a<28>       |    1.623(R)|      SLOW  |   -0.448(R)|      FAST  |aluop[3]_PWR_1_o_equal_13_o|   0.000|
a<29>       |    2.575(R)|      SLOW  |   -0.930(R)|      FAST  |aluop[3]_PWR_1_o_equal_13_o|   0.000|
a<30>       |    1.238(R)|      SLOW  |   -0.187(R)|      FAST  |aluop[3]_PWR_1_o_equal_13_o|   0.000|
a<31>       |    0.795(R)|      SLOW  |   -0.038(R)|      FAST  |aluop[3]_PWR_1_o_equal_13_o|   0.000|
b<0>        |    1.315(R)|      SLOW  |   -0.264(R)|      FAST  |aluop[3]_PWR_1_o_equal_13_o|   0.000|
b<1>        |    1.840(R)|      SLOW  |   -0.620(R)|      FAST  |aluop[3]_PWR_1_o_equal_13_o|   0.000|
b<2>        |    1.766(R)|      SLOW  |   -0.623(R)|      FAST  |aluop[3]_PWR_1_o_equal_13_o|   0.000|
b<3>        |    2.384(R)|      SLOW  |   -0.987(R)|      FAST  |aluop[3]_PWR_1_o_equal_13_o|   0.000|
b<4>        |    2.165(R)|      SLOW  |   -0.819(R)|      FAST  |aluop[3]_PWR_1_o_equal_13_o|   0.000|
b<5>        |    1.618(R)|      SLOW  |   -0.473(R)|      FAST  |aluop[3]_PWR_1_o_equal_13_o|   0.000|
b<6>        |    1.469(R)|      SLOW  |   -0.420(R)|      FAST  |aluop[3]_PWR_1_o_equal_13_o|   0.000|
b<7>        |    1.957(R)|      SLOW  |   -0.687(R)|      FAST  |aluop[3]_PWR_1_o_equal_13_o|   0.000|
b<8>        |    1.430(R)|      SLOW  |   -0.392(R)|      FAST  |aluop[3]_PWR_1_o_equal_13_o|   0.000|
b<9>        |    1.872(R)|      SLOW  |   -0.653(R)|      FAST  |aluop[3]_PWR_1_o_equal_13_o|   0.000|
b<10>       |    1.477(R)|      SLOW  |   -0.474(R)|      FAST  |aluop[3]_PWR_1_o_equal_13_o|   0.000|
b<11>       |    0.857(R)|      SLOW  |   -0.068(R)|      FAST  |aluop[3]_PWR_1_o_equal_13_o|   0.000|
b<12>       |    0.910(R)|      SLOW  |   -0.168(R)|      FAST  |aluop[3]_PWR_1_o_equal_13_o|   0.000|
b<13>       |    0.828(R)|      SLOW  |   -0.070(R)|      FAST  |aluop[3]_PWR_1_o_equal_13_o|   0.000|
b<14>       |    0.309(R)|      SLOW  |    0.275(R)|      FAST  |aluop[3]_PWR_1_o_equal_13_o|   0.000|
b<15>       |    0.716(R)|      SLOW  |    0.044(R)|      FAST  |aluop[3]_PWR_1_o_equal_13_o|   0.000|
b<16>       |    1.029(R)|      SLOW  |   -0.164(R)|      FAST  |aluop[3]_PWR_1_o_equal_13_o|   0.000|
b<17>       |    0.563(R)|      SLOW  |    0.126(R)|      FAST  |aluop[3]_PWR_1_o_equal_13_o|   0.000|
b<18>       |    0.351(R)|      SLOW  |    0.225(R)|      SLOW  |aluop[3]_PWR_1_o_equal_13_o|   0.000|
b<19>       |    1.144(R)|      SLOW  |   -0.280(R)|      FAST  |aluop[3]_PWR_1_o_equal_13_o|   0.000|
b<20>       |    0.683(R)|      SLOW  |    0.008(R)|      FAST  |aluop[3]_PWR_1_o_equal_13_o|   0.000|
b<21>       |    0.723(R)|      SLOW  |    0.006(R)|      FAST  |aluop[3]_PWR_1_o_equal_13_o|   0.000|
b<22>       |    0.811(R)|      SLOW  |   -0.104(R)|      FAST  |aluop[3]_PWR_1_o_equal_13_o|   0.000|
b<23>       |    1.376(R)|      SLOW  |   -0.399(R)|      FAST  |aluop[3]_PWR_1_o_equal_13_o|   0.000|
b<24>       |    1.597(R)|      SLOW  |   -0.541(R)|      FAST  |aluop[3]_PWR_1_o_equal_13_o|   0.000|
b<25>       |    1.844(R)|      SLOW  |   -0.684(R)|      FAST  |aluop[3]_PWR_1_o_equal_13_o|   0.000|
b<26>       |    1.484(R)|      SLOW  |   -0.490(R)|      FAST  |aluop[3]_PWR_1_o_equal_13_o|   0.000|
b<27>       |    1.721(R)|      SLOW  |   -0.617(R)|      FAST  |aluop[3]_PWR_1_o_equal_13_o|   0.000|
b<28>       |    1.630(R)|      SLOW  |   -0.579(R)|      FAST  |aluop[3]_PWR_1_o_equal_13_o|   0.000|
b<29>       |    1.768(R)|      SLOW  |   -0.623(R)|      FAST  |aluop[3]_PWR_1_o_equal_13_o|   0.000|
b<30>       |    1.557(R)|      SLOW  |   -0.534(R)|      FAST  |aluop[3]_PWR_1_o_equal_13_o|   0.000|
b<31>       |    1.894(R)|      SLOW  |   -0.723(R)|      FAST  |aluop[3]_PWR_1_o_equal_13_o|   0.000|
------------+------------+------------+------------+------------+---------------------------+--------+

Setup/Hold to clock aluop<3>
------------+------------+------------+------------+------------+---------------------------+--------+
            |Max Setup to|  Process   |Max Hold to |  Process   |                           | Clock  |
Source      | clk (edge) |   Corner   | clk (edge) |   Corner   |Internal Clock(s)          | Phase  |
------------+------------+------------+------------+------------+---------------------------+--------+
a<0>        |    1.910(R)|      SLOW  |   -0.739(R)|      FAST  |aluop[3]_PWR_1_o_equal_13_o|   0.000|
a<1>        |    1.936(R)|      SLOW  |   -0.632(R)|      FAST  |aluop[3]_PWR_1_o_equal_13_o|   0.000|
a<2>        |    2.238(R)|      SLOW  |   -0.864(R)|      FAST  |aluop[3]_PWR_1_o_equal_13_o|   0.000|
a<3>        |    1.503(R)|      SLOW  |   -0.460(R)|      FAST  |aluop[3]_PWR_1_o_equal_13_o|   0.000|
a<4>        |    0.958(R)|      SLOW  |   -0.117(R)|      FAST  |aluop[3]_PWR_1_o_equal_13_o|   0.000|
a<5>        |    1.499(R)|      SLOW  |   -0.325(R)|      FAST  |aluop[3]_PWR_1_o_equal_13_o|   0.000|
a<6>        |    1.166(R)|      SLOW  |   -0.254(R)|      FAST  |aluop[3]_PWR_1_o_equal_13_o|   0.000|
a<7>        |    2.415(R)|      SLOW  |   -0.909(R)|      FAST  |aluop[3]_PWR_1_o_equal_13_o|   0.000|
a<8>        |    1.567(R)|      SLOW  |   -0.351(R)|      FAST  |aluop[3]_PWR_1_o_equal_13_o|   0.000|
a<9>        |    1.370(R)|      SLOW  |   -0.239(R)|      FAST  |aluop[3]_PWR_1_o_equal_13_o|   0.000|
a<10>       |    0.810(R)|      SLOW  |   -0.009(R)|      FAST  |aluop[3]_PWR_1_o_equal_13_o|   0.000|
a<11>       |    1.011(R)|      SLOW  |   -0.181(R)|      FAST  |aluop[3]_PWR_1_o_equal_13_o|   0.000|
a<12>       |    2.375(R)|      SLOW  |   -1.047(R)|      FAST  |aluop[3]_PWR_1_o_equal_13_o|   0.000|
a<13>       |    2.722(R)|      SLOW  |   -1.261(R)|      FAST  |aluop[3]_PWR_1_o_equal_13_o|   0.000|
a<14>       |    2.552(R)|      SLOW  |   -1.156(R)|      FAST  |aluop[3]_PWR_1_o_equal_13_o|   0.000|
a<15>       |    2.792(R)|      SLOW  |   -1.240(R)|      FAST  |aluop[3]_PWR_1_o_equal_13_o|   0.000|
a<16>       |    2.911(R)|      SLOW  |   -1.381(R)|      FAST  |aluop[3]_PWR_1_o_equal_13_o|   0.000|
a<17>       |    2.870(R)|      SLOW  |   -1.267(R)|      FAST  |aluop[3]_PWR_1_o_equal_13_o|   0.000|
a<18>       |    2.637(R)|      SLOW  |   -1.232(R)|      FAST  |aluop[3]_PWR_1_o_equal_13_o|   0.000|
a<19>       |    2.220(R)|      SLOW  |   -0.949(R)|      FAST  |aluop[3]_PWR_1_o_equal_13_o|   0.000|
a<20>       |    2.066(R)|      SLOW  |   -0.663(R)|      FAST  |aluop[3]_PWR_1_o_equal_13_o|   0.000|
a<21>       |    2.600(R)|      SLOW  |   -1.109(R)|      FAST  |aluop[3]_PWR_1_o_equal_13_o|   0.000|
a<22>       |    2.524(R)|      SLOW  |   -0.922(R)|      FAST  |aluop[3]_PWR_1_o_equal_13_o|   0.000|
a<23>       |    1.673(R)|      SLOW  |   -0.543(R)|      FAST  |aluop[3]_PWR_1_o_equal_13_o|   0.000|
a<24>       |    1.790(R)|      SLOW  |   -0.454(R)|      FAST  |aluop[3]_PWR_1_o_equal_13_o|   0.000|
a<25>       |    2.276(R)|      SLOW  |   -0.958(R)|      FAST  |aluop[3]_PWR_1_o_equal_13_o|   0.000|
a<26>       |    1.818(R)|      SLOW  |   -0.621(R)|      FAST  |aluop[3]_PWR_1_o_equal_13_o|   0.000|
a<27>       |    1.788(R)|      SLOW  |   -0.624(R)|      FAST  |aluop[3]_PWR_1_o_equal_13_o|   0.000|
a<28>       |    1.949(R)|      SLOW  |   -0.683(R)|      FAST  |aluop[3]_PWR_1_o_equal_13_o|   0.000|
a<29>       |    2.901(R)|      SLOW  |   -1.165(R)|      FAST  |aluop[3]_PWR_1_o_equal_13_o|   0.000|
a<30>       |    1.564(R)|      SLOW  |   -0.422(R)|      FAST  |aluop[3]_PWR_1_o_equal_13_o|   0.000|
a<31>       |    1.121(R)|      SLOW  |   -0.273(R)|      FAST  |aluop[3]_PWR_1_o_equal_13_o|   0.000|
b<0>        |    1.641(R)|      SLOW  |   -0.499(R)|      FAST  |aluop[3]_PWR_1_o_equal_13_o|   0.000|
b<1>        |    2.166(R)|      SLOW  |   -0.855(R)|      FAST  |aluop[3]_PWR_1_o_equal_13_o|   0.000|
b<2>        |    2.092(R)|      SLOW  |   -0.858(R)|      FAST  |aluop[3]_PWR_1_o_equal_13_o|   0.000|
b<3>        |    2.710(R)|      SLOW  |   -1.222(R)|      FAST  |aluop[3]_PWR_1_o_equal_13_o|   0.000|
b<4>        |    2.491(R)|      SLOW  |   -1.054(R)|      FAST  |aluop[3]_PWR_1_o_equal_13_o|   0.000|
b<5>        |    1.944(R)|      SLOW  |   -0.708(R)|      FAST  |aluop[3]_PWR_1_o_equal_13_o|   0.000|
b<6>        |    1.795(R)|      SLOW  |   -0.655(R)|      FAST  |aluop[3]_PWR_1_o_equal_13_o|   0.000|
b<7>        |    2.283(R)|      SLOW  |   -0.922(R)|      FAST  |aluop[3]_PWR_1_o_equal_13_o|   0.000|
b<8>        |    1.756(R)|      SLOW  |   -0.627(R)|      FAST  |aluop[3]_PWR_1_o_equal_13_o|   0.000|
b<9>        |    2.198(R)|      SLOW  |   -0.888(R)|      FAST  |aluop[3]_PWR_1_o_equal_13_o|   0.000|
b<10>       |    1.803(R)|      SLOW  |   -0.709(R)|      FAST  |aluop[3]_PWR_1_o_equal_13_o|   0.000|
b<11>       |    1.183(R)|      SLOW  |   -0.303(R)|      FAST  |aluop[3]_PWR_1_o_equal_13_o|   0.000|
b<12>       |    1.236(R)|      SLOW  |   -0.403(R)|      FAST  |aluop[3]_PWR_1_o_equal_13_o|   0.000|
b<13>       |    1.154(R)|      SLOW  |   -0.305(R)|      FAST  |aluop[3]_PWR_1_o_equal_13_o|   0.000|
b<14>       |    0.635(R)|      SLOW  |    0.040(R)|      FAST  |aluop[3]_PWR_1_o_equal_13_o|   0.000|
b<15>       |    1.042(R)|      SLOW  |   -0.191(R)|      FAST  |aluop[3]_PWR_1_o_equal_13_o|   0.000|
b<16>       |    1.355(R)|      SLOW  |   -0.399(R)|      FAST  |aluop[3]_PWR_1_o_equal_13_o|   0.000|
b<17>       |    0.889(R)|      SLOW  |   -0.109(R)|      FAST  |aluop[3]_PWR_1_o_equal_13_o|   0.000|
b<18>       |    0.677(R)|      SLOW  |   -0.028(R)|      FAST  |aluop[3]_PWR_1_o_equal_13_o|   0.000|
b<19>       |    1.470(R)|      SLOW  |   -0.515(R)|      FAST  |aluop[3]_PWR_1_o_equal_13_o|   0.000|
b<20>       |    1.009(R)|      SLOW  |   -0.227(R)|      FAST  |aluop[3]_PWR_1_o_equal_13_o|   0.000|
b<21>       |    1.049(R)|      SLOW  |   -0.229(R)|      FAST  |aluop[3]_PWR_1_o_equal_13_o|   0.000|
b<22>       |    1.137(R)|      SLOW  |   -0.339(R)|      FAST  |aluop[3]_PWR_1_o_equal_13_o|   0.000|
b<23>       |    1.702(R)|      SLOW  |   -0.634(R)|      FAST  |aluop[3]_PWR_1_o_equal_13_o|   0.000|
b<24>       |    1.923(R)|      SLOW  |   -0.776(R)|      FAST  |aluop[3]_PWR_1_o_equal_13_o|   0.000|
b<25>       |    2.170(R)|      SLOW  |   -0.919(R)|      FAST  |aluop[3]_PWR_1_o_equal_13_o|   0.000|
b<26>       |    1.810(R)|      SLOW  |   -0.725(R)|      FAST  |aluop[3]_PWR_1_o_equal_13_o|   0.000|
b<27>       |    2.047(R)|      SLOW  |   -0.852(R)|      FAST  |aluop[3]_PWR_1_o_equal_13_o|   0.000|
b<28>       |    1.956(R)|      SLOW  |   -0.814(R)|      FAST  |aluop[3]_PWR_1_o_equal_13_o|   0.000|
b<29>       |    2.094(R)|      SLOW  |   -0.858(R)|      FAST  |aluop[3]_PWR_1_o_equal_13_o|   0.000|
b<30>       |    1.883(R)|      SLOW  |   -0.769(R)|      FAST  |aluop[3]_PWR_1_o_equal_13_o|   0.000|
b<31>       |    2.220(R)|      SLOW  |   -0.958(R)|      FAST  |aluop[3]_PWR_1_o_equal_13_o|   0.000|
------------+------------+------------+------------+------------+---------------------------+--------+

Clock aluop<0> to Pad
------------+-----------------+------------+-----------------+------------+---------------------------+--------+
            |Max (slowest) clk|  Process   |Min (fastest) clk|  Process   |                           | Clock  |
Destination |  (edge) to PAD  |   Corner   |  (edge) to PAD  |   Corner   |Internal Clock(s)          | Phase  |
------------+-----------------+------------+-----------------+------------+---------------------------+--------+
result<0>   |        15.927(R)|      SLOW  |         9.629(R)|      FAST  |aluop[3]_PWR_1_o_equal_13_o|   0.000|
zero        |        15.746(R)|      SLOW  |         9.611(R)|      FAST  |aluop[3]_PWR_1_o_equal_13_o|   0.000|
------------+-----------------+------------+-----------------+------------+---------------------------+--------+

Clock aluop<1> to Pad
------------+-----------------+------------+-----------------+------------+---------------------------+--------+
            |Max (slowest) clk|  Process   |Min (fastest) clk|  Process   |                           | Clock  |
Destination |  (edge) to PAD  |   Corner   |  (edge) to PAD  |   Corner   |Internal Clock(s)          | Phase  |
------------+-----------------+------------+-----------------+------------+---------------------------+--------+
result<0>   |        14.496(R)|      SLOW  |         8.667(R)|      FAST  |aluop[3]_PWR_1_o_equal_13_o|   0.000|
zero        |        14.315(R)|      SLOW  |         8.649(R)|      FAST  |aluop[3]_PWR_1_o_equal_13_o|   0.000|
------------+-----------------+------------+-----------------+------------+---------------------------+--------+

Clock aluop<2> to Pad
------------+-----------------+------------+-----------------+------------+---------------------------+--------+
            |Max (slowest) clk|  Process   |Min (fastest) clk|  Process   |                           | Clock  |
Destination |  (edge) to PAD  |   Corner   |  (edge) to PAD  |   Corner   |Internal Clock(s)          | Phase  |
------------+-----------------+------------+-----------------+------------+---------------------------+--------+
result<0>   |        13.147(R)|      SLOW  |         7.848(R)|      FAST  |aluop[3]_PWR_1_o_equal_13_o|   0.000|
zero        |        12.966(R)|      SLOW  |         7.830(R)|      FAST  |aluop[3]_PWR_1_o_equal_13_o|   0.000|
------------+-----------------+------------+-----------------+------------+---------------------------+--------+

Clock aluop<3> to Pad
------------+-----------------+------------+-----------------+------------+---------------------------+--------+
            |Max (slowest) clk|  Process   |Min (fastest) clk|  Process   |                           | Clock  |
Destination |  (edge) to PAD  |   Corner   |  (edge) to PAD  |   Corner   |Internal Clock(s)          | Phase  |
------------+-----------------+------------+-----------------+------------+---------------------------+--------+
result<0>   |        12.800(R)|      SLOW  |         7.626(R)|      FAST  |aluop[3]_PWR_1_o_equal_13_o|   0.000|
zero        |        12.619(R)|      SLOW  |         7.608(R)|      FAST  |aluop[3]_PWR_1_o_equal_13_o|   0.000|
------------+-----------------+------------+-----------------+------------+---------------------------+--------+

Pad to Pad
---------------+---------------+---------+
Source Pad     |Destination Pad|  Delay  |
---------------+---------------+---------+
a<0>           |result<0>      |   12.578|
a<0>           |result<1>      |   11.887|
a<0>           |result<2>      |   12.020|
a<0>           |result<3>      |   12.058|
a<0>           |result<4>      |   11.574|
a<0>           |result<5>      |   12.311|
a<0>           |result<6>      |   11.619|
a<0>           |result<7>      |   12.547|
a<0>           |result<8>      |   11.975|
a<0>           |result<9>      |   12.302|
a<0>           |result<10>     |   12.270|
a<0>           |result<11>     |   12.063|
a<0>           |result<12>     |   12.422|
a<0>           |result<13>     |   12.825|
a<0>           |result<14>     |   12.297|
a<0>           |result<15>     |   12.302|
a<0>           |result<16>     |   12.261|
a<0>           |result<17>     |   12.659|
a<0>           |result<18>     |   12.960|
a<0>           |result<19>     |   13.455|
a<0>           |result<20>     |   12.731|
a<0>           |result<21>     |   13.235|
a<0>           |result<22>     |   13.316|
a<0>           |result<23>     |   12.860|
a<0>           |result<24>     |   12.665|
a<0>           |result<25>     |   12.502|
a<0>           |result<26>     |   12.135|
a<0>           |result<27>     |   12.195|
a<0>           |result<28>     |   12.394|
a<0>           |result<29>     |   12.546|
a<0>           |result<30>     |   12.016|
a<0>           |result<31>     |   11.995|
a<0>           |zero           |   14.100|
a<1>           |result<1>      |   11.509|
a<1>           |result<2>      |   11.655|
a<1>           |result<3>      |   12.059|
a<1>           |result<4>      |   11.521|
a<1>           |result<5>      |   12.337|
a<1>           |result<6>      |   11.645|
a<1>           |result<7>      |   12.009|
a<1>           |result<8>      |   11.437|
a<1>           |result<9>      |   11.841|
a<1>           |result<10>     |   11.732|
a<1>           |result<11>     |   11.713|
a<1>           |result<12>     |   11.942|
a<1>           |result<13>     |   12.287|
a<1>           |result<14>     |   12.323|
a<1>           |result<15>     |   12.306|
a<1>           |result<16>     |   12.282|
a<1>           |result<17>     |   12.121|
a<1>           |result<18>     |   12.518|
a<1>           |result<19>     |   12.917|
a<1>           |result<20>     |   12.193|
a<1>           |result<21>     |   12.903|
a<1>           |result<22>     |   12.802|
a<1>           |result<23>     |   12.322|
a<1>           |result<24>     |   12.127|
a<1>           |result<25>     |   12.188|
a<1>           |result<26>     |   11.597|
a<1>           |result<27>     |   12.019|
a<1>           |result<28>     |   11.856|
a<1>           |result<29>     |   12.008|
a<1>           |result<30>     |   12.042|
a<1>           |result<31>     |   11.457|
a<1>           |zero           |   13.768|
a<2>           |result<2>      |   11.947|
a<2>           |result<3>      |   12.328|
a<2>           |result<4>      |   11.823|
a<2>           |result<5>      |   12.639|
a<2>           |result<6>      |   11.947|
a<2>           |result<7>      |   12.218|
a<2>           |result<8>      |   11.675|
a<2>           |result<9>      |   12.143|
a<2>           |result<10>     |   11.941|
a<2>           |result<11>     |   12.015|
a<2>           |result<12>     |   12.244|
a<2>           |result<13>     |   12.496|
a<2>           |result<14>     |   12.625|
a<2>           |result<15>     |   12.608|
a<2>           |result<16>     |   12.584|
a<2>           |result<17>     |   12.419|
a<2>           |result<18>     |   12.820|
a<2>           |result<19>     |   13.136|
a<2>           |result<20>     |   12.402|
a<2>           |result<21>     |   13.205|
a<2>           |result<22>     |   13.104|
a<2>           |result<23>     |   12.531|
a<2>           |result<24>     |   12.336|
a<2>           |result<25>     |   12.490|
a<2>           |result<26>     |   11.806|
a<2>           |result<27>     |   12.321|
a<2>           |result<28>     |   12.065|
a<2>           |result<29>     |   12.217|
a<2>           |result<30>     |   12.344|
a<2>           |result<31>     |   11.687|
a<2>           |zero           |   14.070|
a<3>           |result<3>      |   11.567|
a<3>           |result<4>      |   11.088|
a<3>           |result<5>      |   11.904|
a<3>           |result<6>      |   11.212|
a<3>           |result<7>      |   11.960|
a<3>           |result<8>      |   11.388|
a<3>           |result<9>      |   11.715|
a<3>           |result<10>     |   11.683|
a<3>           |result<11>     |   11.476|
a<3>           |result<12>     |   11.835|
a<3>           |result<13>     |   12.238|
a<3>           |result<14>     |   11.890|
a<3>           |result<15>     |   11.873|
a<3>           |result<16>     |   11.849|
a<3>           |result<17>     |   12.072|
a<3>           |result<18>     |   12.373|
a<3>           |result<19>     |   12.868|
a<3>           |result<20>     |   12.144|
a<3>           |result<21>     |   12.648|
a<3>           |result<22>     |   12.729|
a<3>           |result<23>     |   12.273|
a<3>           |result<24>     |   12.078|
a<3>           |result<25>     |   11.915|
a<3>           |result<26>     |   11.548|
a<3>           |result<27>     |   11.608|
a<3>           |result<28>     |   11.807|
a<3>           |result<29>     |   11.959|
a<3>           |result<30>     |   11.609|
a<3>           |result<31>     |   11.408|
a<3>           |zero           |   13.513|
a<4>           |result<4>      |   10.445|
a<4>           |result<5>      |   11.203|
a<4>           |result<6>      |   10.640|
a<4>           |result<7>      |   11.514|
a<4>           |result<8>      |   10.981|
a<4>           |result<9>      |   11.308|
a<4>           |result<10>     |   11.276|
a<4>           |result<11>     |   11.069|
a<4>           |result<12>     |   11.428|
a<4>           |result<13>     |   11.831|
a<4>           |result<14>     |   11.345|
a<4>           |result<15>     |   11.328|
a<4>           |result<16>     |   11.304|
a<4>           |result<17>     |   11.665|
a<4>           |result<18>     |   11.966|
a<4>           |result<19>     |   12.461|
a<4>           |result<20>     |   11.737|
a<4>           |result<21>     |   12.241|
a<4>           |result<22>     |   12.322|
a<4>           |result<23>     |   11.866|
a<4>           |result<24>     |   11.671|
a<4>           |result<25>     |   11.508|
a<4>           |result<26>     |   11.141|
a<4>           |result<27>     |   11.201|
a<4>           |result<28>     |   11.400|
a<4>           |result<29>     |   11.552|
a<4>           |result<30>     |   11.064|
a<4>           |result<31>     |   11.001|
a<4>           |zero           |   13.106|
a<5>           |result<5>      |   11.680|
a<5>           |result<6>      |   11.169|
a<5>           |result<7>      |   11.732|
a<5>           |result<8>      |   11.170|
a<5>           |result<9>      |   11.497|
a<5>           |result<10>     |   11.465|
a<5>           |result<11>     |   11.276|
a<5>           |result<12>     |   11.617|
a<5>           |result<13>     |   12.020|
a<5>           |result<14>     |   11.886|
a<5>           |result<15>     |   11.869|
a<5>           |result<16>     |   11.845|
a<5>           |result<17>     |   11.854|
a<5>           |result<18>     |   12.155|
a<5>           |result<19>     |   12.650|
a<5>           |result<20>     |   11.926|
a<5>           |result<21>     |   12.466|
a<5>           |result<22>     |   12.511|
a<5>           |result<23>     |   12.055|
a<5>           |result<24>     |   11.860|
a<5>           |result<25>     |   11.751|
a<5>           |result<26>     |   11.330|
a<5>           |result<27>     |   11.582|
a<5>           |result<28>     |   11.589|
a<5>           |result<29>     |   11.741|
a<5>           |result<30>     |   11.605|
a<5>           |result<31>     |   11.190|
a<5>           |zero           |   13.331|
a<6>           |result<6>      |   10.934|
a<6>           |result<7>      |   12.084|
a<6>           |result<8>      |   11.580|
a<6>           |result<9>      |   11.907|
a<6>           |result<10>     |   11.875|
a<6>           |result<11>     |   11.668|
a<6>           |result<12>     |   12.027|
a<6>           |result<13>     |   12.430|
a<6>           |result<14>     |   11.796|
a<6>           |result<15>     |   11.907|
a<6>           |result<16>     |   11.866|
a<6>           |result<17>     |   12.264|
a<6>           |result<18>     |   12.565|
a<6>           |result<19>     |   13.060|
a<6>           |result<20>     |   12.336|
a<6>           |result<21>     |   12.840|
a<6>           |result<22>     |   12.921|
a<6>           |result<23>     |   12.465|
a<6>           |result<24>     |   12.270|
a<6>           |result<25>     |   12.107|
a<6>           |result<26>     |   11.740|
a<6>           |result<27>     |   11.800|
a<6>           |result<28>     |   11.999|
a<6>           |result<29>     |   12.151|
a<6>           |result<30>     |   11.351|
a<6>           |result<31>     |   11.600|
a<6>           |zero           |   13.705|
a<7>           |result<7>      |   12.673|
a<7>           |result<8>      |   12.195|
a<7>           |result<9>      |   12.522|
a<7>           |result<10>     |   12.490|
a<7>           |result<11>     |   12.283|
a<7>           |result<12>     |   12.642|
a<7>           |result<13>     |   13.045|
a<7>           |result<14>     |   12.802|
a<7>           |result<15>     |   12.785|
a<7>           |result<16>     |   12.761|
a<7>           |result<17>     |   12.879|
a<7>           |result<18>     |   13.180|
a<7>           |result<19>     |   13.675|
a<7>           |result<20>     |   12.951|
a<7>           |result<21>     |   13.455|
a<7>           |result<22>     |   13.536|
a<7>           |result<23>     |   13.080|
a<7>           |result<24>     |   12.885|
a<7>           |result<25>     |   12.722|
a<7>           |result<26>     |   12.355|
a<7>           |result<27>     |   12.498|
a<7>           |result<28>     |   12.614|
a<7>           |result<29>     |   12.766|
a<7>           |result<30>     |   12.521|
a<7>           |result<31>     |   12.215|
a<7>           |zero           |   14.320|
a<8>           |result<8>      |   11.210|
a<8>           |result<9>      |   11.516|
a<8>           |result<10>     |   11.613|
a<8>           |result<11>     |   11.394|
a<8>           |result<12>     |   11.792|
a<8>           |result<13>     |   12.195|
a<8>           |result<14>     |   11.954|
a<8>           |result<15>     |   11.937|
a<8>           |result<16>     |   11.913|
a<8>           |result<17>     |   12.029|
a<8>           |result<18>     |   12.330|
a<8>           |result<19>     |   12.825|
a<8>           |result<20>     |   12.101|
a<8>           |result<21>     |   12.605|
a<8>           |result<22>     |   12.686|
a<8>           |result<23>     |   12.230|
a<8>           |result<24>     |   12.035|
a<8>           |result<25>     |   11.872|
a<8>           |result<26>     |   11.505|
a<8>           |result<27>     |   11.650|
a<8>           |result<28>     |   11.764|
a<8>           |result<29>     |   11.916|
a<8>           |result<30>     |   11.673|
a<8>           |result<31>     |   11.365|
a<8>           |zero           |   13.470|
a<9>           |result<9>      |   11.540|
a<9>           |result<10>     |   11.689|
a<9>           |result<11>     |   11.486|
a<9>           |result<12>     |   11.880|
a<9>           |result<13>     |   12.283|
a<9>           |result<14>     |   11.757|
a<9>           |result<15>     |   11.760|
a<9>           |result<16>     |   11.719|
a<9>           |result<17>     |   12.117|
a<9>           |result<18>     |   12.418|
a<9>           |result<19>     |   12.913|
a<9>           |result<20>     |   12.189|
a<9>           |result<21>     |   12.693|
a<9>           |result<22>     |   12.774|
a<9>           |result<23>     |   12.318|
a<9>           |result<24>     |   12.123|
a<9>           |result<25>     |   11.960|
a<9>           |result<26>     |   11.593|
a<9>           |result<27>     |   11.653|
a<9>           |result<28>     |   11.852|
a<9>           |result<29>     |   12.004|
a<9>           |result<30>     |   11.476|
a<9>           |result<31>     |   11.453|
a<9>           |zero           |   13.558|
a<10>          |result<10>     |   11.293|
a<10>          |result<11>     |   11.067|
a<10>          |result<12>     |   11.494|
a<10>          |result<13>     |   11.897|
a<10>          |result<14>     |   11.263|
a<10>          |result<15>     |   11.374|
a<10>          |result<16>     |   11.333|
a<10>          |result<17>     |   11.731|
a<10>          |result<18>     |   12.032|
a<10>          |result<19>     |   12.527|
a<10>          |result<20>     |   11.803|
a<10>          |result<21>     |   12.307|
a<10>          |result<22>     |   12.388|
a<10>          |result<23>     |   11.932|
a<10>          |result<24>     |   11.737|
a<10>          |result<25>     |   11.574|
a<10>          |result<26>     |   11.207|
a<10>          |result<27>     |   11.267|
a<10>          |result<28>     |   11.466|
a<10>          |result<29>     |   11.618|
a<10>          |result<30>     |   10.916|
a<10>          |result<31>     |   11.067|
a<10>          |zero           |   13.172|
a<11>          |result<11>     |   10.738|
a<11>          |result<12>     |   11.191|
a<11>          |result<13>     |   11.594|
a<11>          |result<14>     |   11.398|
a<11>          |result<15>     |   11.381|
a<11>          |result<16>     |   11.357|
a<11>          |result<17>     |   11.428|
a<11>          |result<18>     |   11.729|
a<11>          |result<19>     |   12.224|
a<11>          |result<20>     |   11.500|
a<11>          |result<21>     |   12.004|
a<11>          |result<22>     |   12.085|
a<11>          |result<23>     |   11.629|
a<11>          |result<24>     |   11.434|
a<11>          |result<25>     |   11.271|
a<11>          |result<26>     |   10.904|
a<11>          |result<27>     |   11.094|
a<11>          |result<28>     |   11.163|
a<11>          |result<29>     |   11.315|
a<11>          |result<30>     |   11.117|
a<11>          |result<31>     |   10.764|
a<11>          |zero           |   12.869|
a<12>          |result<12>     |   12.725|
a<12>          |result<13>     |   13.107|
a<12>          |result<14>     |   12.726|
a<12>          |result<15>     |   12.701|
a<12>          |result<16>     |   12.721|
a<12>          |result<17>     |   13.097|
a<12>          |result<18>     |   13.398|
a<12>          |result<19>     |   13.893|
a<12>          |result<20>     |   13.169|
a<12>          |result<21>     |   13.673|
a<12>          |result<22>     |   13.754|
a<12>          |result<23>     |   13.298|
a<12>          |result<24>     |   13.103|
a<12>          |result<25>     |   12.940|
a<12>          |result<26>     |   12.573|
a<12>          |result<27>     |   12.633|
a<12>          |result<28>     |   12.832|
a<12>          |result<29>     |   12.984|
a<12>          |result<30>     |   12.481|
a<12>          |result<31>     |   12.433|
a<12>          |zero           |   14.538|
a<13>          |result<13>     |   13.109|
a<13>          |result<14>     |   13.070|
a<13>          |result<15>     |   13.057|
a<13>          |result<16>     |   13.068|
a<13>          |result<17>     |   13.163|
a<13>          |result<18>     |   13.464|
a<13>          |result<19>     |   13.959|
a<13>          |result<20>     |   13.235|
a<13>          |result<21>     |   13.739|
a<13>          |result<22>     |   13.820|
a<13>          |result<23>     |   13.364|
a<13>          |result<24>     |   13.169|
a<13>          |result<25>     |   13.006|
a<13>          |result<26>     |   12.639|
a<13>          |result<27>     |   12.805|
a<13>          |result<28>     |   12.898|
a<13>          |result<29>     |   13.050|
a<13>          |result<30>     |   12.828|
a<13>          |result<31>     |   12.499|
a<13>          |zero           |   14.604|
a<14>          |result<14>     |   12.849|
a<14>          |result<15>     |   12.891|
a<14>          |result<16>     |   12.898|
a<14>          |result<17>     |   12.733|
a<14>          |result<18>     |   13.134|
a<14>          |result<19>     |   13.495|
a<14>          |result<20>     |   12.771|
a<14>          |result<21>     |   13.519|
a<14>          |result<22>     |   13.418|
a<14>          |result<23>     |   12.900|
a<14>          |result<24>     |   12.705|
a<14>          |result<25>     |   12.804|
a<14>          |result<26>     |   12.175|
a<14>          |result<27>     |   12.635|
a<14>          |result<28>     |   12.434|
a<14>          |result<29>     |   12.586|
a<14>          |result<30>     |   12.658|
a<14>          |result<31>     |   12.035|
a<14>          |zero           |   14.384|
a<15>          |result<15>     |   13.068|
a<15>          |result<16>     |   13.138|
a<15>          |result<17>     |   12.973|
a<15>          |result<18>     |   13.374|
a<15>          |result<19>     |   13.690|
a<15>          |result<20>     |   12.908|
a<15>          |result<21>     |   13.759|
a<15>          |result<22>     |   13.658|
a<15>          |result<23>     |   13.037|
a<15>          |result<24>     |   12.842|
a<15>          |result<25>     |   13.044|
a<15>          |result<26>     |   12.317|
a<15>          |result<27>     |   12.875|
a<15>          |result<28>     |   12.571|
a<15>          |result<29>     |   12.726|
a<15>          |result<30>     |   12.898|
a<15>          |result<31>     |   12.241|
a<15>          |zero           |   14.624|
a<16>          |result<16>     |   13.122|
a<16>          |result<17>     |   12.949|
a<16>          |result<18>     |   13.466|
a<16>          |result<19>     |   13.857|
a<16>          |result<20>     |   13.181|
a<16>          |result<21>     |   13.878|
a<16>          |result<22>     |   13.777|
a<16>          |result<23>     |   13.310|
a<16>          |result<24>     |   13.115|
a<16>          |result<25>     |   13.163|
a<16>          |result<26>     |   12.585|
a<16>          |result<27>     |   12.994|
a<16>          |result<28>     |   12.844|
a<16>          |result<29>     |   12.996|
a<16>          |result<30>     |   13.017|
a<16>          |result<31>     |   12.445|
a<16>          |zero           |   14.743|
a<17>          |result<17>     |   12.831|
a<17>          |result<18>     |   13.413|
a<17>          |result<19>     |   13.733|
a<17>          |result<20>     |   12.848|
a<17>          |result<21>     |   13.837|
a<17>          |result<22>     |   13.736|
a<17>          |result<23>     |   13.086|
a<17>          |result<24>     |   12.918|
a<17>          |result<25>     |   13.122|
a<17>          |result<26>     |   12.395|
a<17>          |result<27>     |   12.953|
a<17>          |result<28>     |   12.511|
a<17>          |result<29>     |   12.804|
a<17>          |result<30>     |   12.976|
a<17>          |result<31>     |   12.319|
a<17>          |zero           |   14.702|
a<18>          |result<18>     |   13.170|
a<18>          |result<19>     |   13.467|
a<18>          |result<20>     |   12.614|
a<18>          |result<21>     |   13.604|
a<18>          |result<22>     |   13.503|
a<18>          |result<23>     |   12.853|
a<18>          |result<24>     |   12.685|
a<18>          |result<25>     |   12.889|
a<18>          |result<26>     |   12.162|
a<18>          |result<27>     |   12.720|
a<18>          |result<28>     |   12.277|
a<18>          |result<29>     |   12.571|
a<18>          |result<30>     |   12.743|
a<18>          |result<31>     |   12.086|
a<18>          |zero           |   14.469|
a<19>          |result<19>     |   13.037|
a<19>          |result<20>     |   12.407|
a<19>          |result<21>     |   13.187|
a<19>          |result<22>     |   13.086|
a<19>          |result<23>     |   12.536|
a<19>          |result<24>     |   12.341|
a<19>          |result<25>     |   12.472|
a<19>          |result<26>     |   11.811|
a<19>          |result<27>     |   12.303|
a<19>          |result<28>     |   12.070|
a<19>          |result<29>     |   12.222|
a<19>          |result<30>     |   12.326|
a<19>          |result<31>     |   11.671|
a<19>          |zero           |   14.052|
a<20>          |result<20>     |   12.726|
a<20>          |result<21>     |   13.209|
a<20>          |result<22>     |   13.419|
a<20>          |result<23>     |   12.951|
a<20>          |result<24>     |   12.795|
a<20>          |result<25>     |   12.632|
a<20>          |result<26>     |   12.265|
a<20>          |result<27>     |   12.325|
a<20>          |result<28>     |   12.524|
a<20>          |result<29>     |   12.676|
a<20>          |result<30>     |   12.172|
a<20>          |result<31>     |   12.125|
a<20>          |zero           |   14.074|
a<21>          |result<21>     |   13.347|
a<21>          |result<22>     |   13.427|
a<21>          |result<23>     |   12.781|
a<21>          |result<24>     |   12.648|
a<21>          |result<25>     |   12.852|
a<21>          |result<26>     |   12.125|
a<21>          |result<27>     |   12.683|
a<21>          |result<28>     |   12.317|
a<21>          |result<29>     |   12.534|
a<21>          |result<30>     |   12.706|
a<21>          |result<31>     |   12.049|
a<21>          |zero           |   14.212|
a<22>          |result<22>     |   13.504|
a<22>          |result<23>     |   13.029|
a<22>          |result<24>     |   12.902|
a<22>          |result<25>     |   12.776|
a<22>          |result<26>     |   12.372|
a<22>          |result<27>     |   12.607|
a<22>          |result<28>     |   12.631|
a<22>          |result<29>     |   12.783|
a<22>          |result<30>     |   12.630|
a<22>          |result<31>     |   12.232|
a<22>          |zero           |   13.236|
a<23>          |result<23>     |   12.839|
a<23>          |result<24>     |   12.419|
a<23>          |result<25>     |   12.256|
a<23>          |result<26>     |   11.889|
a<23>          |result<27>     |   11.949|
a<23>          |result<28>     |   12.148|
a<23>          |result<29>     |   12.300|
a<23>          |result<30>     |   11.779|
a<23>          |result<31>     |   11.749|
a<23>          |zero           |   12.753|
a<24>          |result<24>     |   12.686|
a<24>          |result<25>     |   12.502|
a<24>          |result<26>     |   12.264|
a<24>          |result<27>     |   12.312|
a<24>          |result<28>     |   12.550|
a<24>          |result<29>     |   12.702|
a<24>          |result<30>     |   11.902|
a<24>          |result<31>     |   12.151|
a<24>          |zero           |   13.128|
a<25>          |result<25>     |   12.308|
a<25>          |result<26>     |   11.869|
a<25>          |result<27>     |   12.324|
a<25>          |result<28>     |   12.167|
a<25>          |result<29>     |   12.319|
a<25>          |result<30>     |   12.382|
a<25>          |result<31>     |   11.768|
a<25>          |zero           |   12.935|
a<26>          |result<26>     |   11.468|
a<26>          |result<27>     |   11.833|
a<26>          |result<28>     |   11.776|
a<26>          |result<29>     |   11.928|
a<26>          |result<30>     |   11.924|
a<26>          |result<31>     |   11.377|
a<26>          |zero           |   12.444|
a<27>          |result<27>     |   11.785|
a<27>          |result<28>     |   12.119|
a<27>          |result<29>     |   12.271|
a<27>          |result<30>     |   11.894|
a<27>          |result<31>     |   11.720|
a<27>          |zero           |   12.396|
a<28>          |result<28>     |   11.716|
a<28>          |result<29>     |   11.946|
a<28>          |result<30>     |   12.067|
a<28>          |result<31>     |   11.507|
a<28>          |zero           |   12.545|
a<29>          |result<29>     |   12.650|
a<29>          |result<30>     |   13.003|
a<29>          |result<31>     |   12.350|
a<29>          |zero           |   13.481|
a<30>          |result<30>     |   11.689|
a<30>          |result<31>     |   11.013|
a<30>          |zero           |   12.167|
a<31>          |result<31>     |   10.743|
a<31>          |zero           |   11.188|
aluop<0>       |result<0>      |   14.210|
aluop<0>       |result<1>      |   15.019|
aluop<0>       |result<2>      |   15.623|
aluop<0>       |result<3>      |   15.669|
aluop<0>       |result<4>      |   14.426|
aluop<0>       |result<5>      |   15.330|
aluop<0>       |result<6>      |   15.198|
aluop<0>       |result<7>      |   15.473|
aluop<0>       |result<8>      |   12.831|
aluop<0>       |result<9>      |   14.258|
aluop<0>       |result<10>     |   14.448|
aluop<0>       |result<11>     |   14.928|
aluop<0>       |result<12>     |   14.584|
aluop<0>       |result<13>     |   14.912|
aluop<0>       |result<14>     |   14.999|
aluop<0>       |result<15>     |   13.496|
aluop<0>       |result<16>     |   14.839|
aluop<0>       |result<17>     |   13.958|
aluop<0>       |result<18>     |   14.180|
aluop<0>       |result<19>     |   15.946|
aluop<0>       |result<20>     |   14.431|
aluop<0>       |result<21>     |   15.805|
aluop<0>       |result<22>     |   14.754|
aluop<0>       |result<23>     |   14.168|
aluop<0>       |result<24>     |   13.478|
aluop<0>       |result<25>     |   13.868|
aluop<0>       |result<26>     |   13.633|
aluop<0>       |result<27>     |   14.179|
aluop<0>       |result<28>     |   13.596|
aluop<0>       |result<29>     |   13.674|
aluop<0>       |result<30>     |   14.007|
aluop<0>       |result<31>     |   12.676|
aluop<0>       |zero           |   16.685|
aluop<1>       |result<0>      |   12.837|
aluop<1>       |result<1>      |   13.489|
aluop<1>       |result<2>      |   13.492|
aluop<1>       |result<3>      |   13.563|
aluop<1>       |result<4>      |   12.143|
aluop<1>       |result<5>      |   13.091|
aluop<1>       |result<6>      |   12.609|
aluop<1>       |result<7>      |   14.162|
aluop<1>       |result<8>      |   11.254|
aluop<1>       |result<9>      |   12.782|
aluop<1>       |result<10>     |   12.829|
aluop<1>       |result<11>     |   13.035|
aluop<1>       |result<12>     |   12.611|
aluop<1>       |result<13>     |   12.949|
aluop<1>       |result<14>     |   13.278|
aluop<1>       |result<15>     |   12.085|
aluop<1>       |result<16>     |   13.133|
aluop<1>       |result<17>     |   12.410|
aluop<1>       |result<18>     |   12.400|
aluop<1>       |result<19>     |   14.117|
aluop<1>       |result<20>     |   12.843|
aluop<1>       |result<21>     |   13.998|
aluop<1>       |result<22>     |   13.208|
aluop<1>       |result<23>     |   13.737|
aluop<1>       |result<24>     |   12.146|
aluop<1>       |result<25>     |   12.350|
aluop<1>       |result<26>     |   11.767|
aluop<1>       |result<27>     |   12.206|
aluop<1>       |result<28>     |   11.759|
aluop<1>       |result<29>     |   11.567|
aluop<1>       |result<30>     |   12.036|
aluop<1>       |result<31>     |   11.281|
aluop<1>       |zero           |   15.113|
aluop<2>       |result<0>      |   10.215|
aluop<2>       |result<1>      |   12.239|
aluop<2>       |result<2>      |   12.843|
aluop<2>       |result<3>      |   12.889|
aluop<2>       |result<4>      |   11.646|
aluop<2>       |result<5>      |   12.550|
aluop<2>       |result<6>      |   12.418|
aluop<2>       |result<7>      |   12.693|
aluop<2>       |result<8>      |   10.051|
aluop<2>       |result<9>      |   11.478|
aluop<2>       |result<10>     |   11.668|
aluop<2>       |result<11>     |   12.148|
aluop<2>       |result<12>     |   11.804|
aluop<2>       |result<13>     |   12.132|
aluop<2>       |result<14>     |   12.219|
aluop<2>       |result<15>     |   10.894|
aluop<2>       |result<16>     |   12.059|
aluop<2>       |result<17>     |   11.178|
aluop<2>       |result<18>     |   11.400|
aluop<2>       |result<19>     |   13.166|
aluop<2>       |result<20>     |   11.651|
aluop<2>       |result<21>     |   13.025|
aluop<2>       |result<22>     |   11.974|
aluop<2>       |result<23>     |   12.554|
aluop<2>       |result<24>     |   10.698|
aluop<2>       |result<25>     |   11.088|
aluop<2>       |result<26>     |   10.853|
aluop<2>       |result<27>     |   11.541|
aluop<2>       |result<28>     |   10.816|
aluop<2>       |result<29>     |   10.894|
aluop<2>       |result<30>     |   11.227|
aluop<2>       |result<31>     |    9.990|
aluop<2>       |zero           |   13.905|
aluop<3>       |result<0>      |   11.236|
aluop<3>       |result<1>      |   11.892|
aluop<3>       |result<2>      |   12.496|
aluop<3>       |result<3>      |   12.542|
aluop<3>       |result<4>      |   11.299|
aluop<3>       |result<5>      |   12.203|
aluop<3>       |result<6>      |   12.071|
aluop<3>       |result<7>      |   12.346|
aluop<3>       |result<8>      |    9.704|
aluop<3>       |result<9>      |   11.131|
aluop<3>       |result<10>     |   11.321|
aluop<3>       |result<11>     |   11.801|
aluop<3>       |result<12>     |   11.457|
aluop<3>       |result<13>     |   11.785|
aluop<3>       |result<14>     |   11.872|
aluop<3>       |result<15>     |   10.568|
aluop<3>       |result<16>     |   11.712|
aluop<3>       |result<17>     |   10.831|
aluop<3>       |result<18>     |   11.053|
aluop<3>       |result<19>     |   12.819|
aluop<3>       |result<20>     |   11.304|
aluop<3>       |result<21>     |   12.678|
aluop<3>       |result<22>     |   11.627|
aluop<3>       |result<23>     |   11.985|
aluop<3>       |result<24>     |   10.351|
aluop<3>       |result<25>     |   10.741|
aluop<3>       |result<26>     |   10.506|
aluop<3>       |result<27>     |   11.052|
aluop<3>       |result<28>     |   10.469|
aluop<3>       |result<29>     |   10.547|
aluop<3>       |result<30>     |   10.880|
aluop<3>       |result<31>     |    9.549|
aluop<3>       |zero           |   13.558|
b<0>           |result<0>      |   12.560|
b<0>           |result<1>      |   11.278|
b<0>           |result<2>      |   11.372|
b<0>           |result<3>      |   11.760|
b<0>           |result<4>      |   11.226|
b<0>           |result<5>      |   12.042|
b<0>           |result<6>      |   11.350|
b<0>           |result<7>      |   11.646|
b<0>           |result<8>      |   11.078|
b<0>           |result<9>      |   11.546|
b<0>           |result<10>     |   11.369|
b<0>           |result<11>     |   11.418|
b<0>           |result<12>     |   11.647|
b<0>           |result<13>     |   11.924|
b<0>           |result<14>     |   12.028|
b<0>           |result<15>     |   12.011|
b<0>           |result<16>     |   11.987|
b<0>           |result<17>     |   11.822|
b<0>           |result<18>     |   12.223|
b<0>           |result<19>     |   12.554|
b<0>           |result<20>     |   11.830|
b<0>           |result<21>     |   12.608|
b<0>           |result<22>     |   12.507|
b<0>           |result<23>     |   11.959|
b<0>           |result<24>     |   11.764|
b<0>           |result<25>     |   11.893|
b<0>           |result<26>     |   11.234|
b<0>           |result<27>     |   11.724|
b<0>           |result<28>     |   11.493|
b<0>           |result<29>     |   11.645|
b<0>           |result<30>     |   11.747|
b<0>           |result<31>     |   11.094|
b<0>           |zero           |   13.473|
b<1>           |result<1>      |   11.739|
b<1>           |result<2>      |   11.885|
b<1>           |result<3>      |   12.289|
b<1>           |result<4>      |   11.751|
b<1>           |result<5>      |   12.567|
b<1>           |result<6>      |   11.875|
b<1>           |result<7>      |   12.236|
b<1>           |result<8>      |   11.664|
b<1>           |result<9>      |   12.071|
b<1>           |result<10>     |   11.959|
b<1>           |result<11>     |   11.943|
b<1>           |result<12>     |   12.172|
b<1>           |result<13>     |   12.514|
b<1>           |result<14>     |   12.553|
b<1>           |result<15>     |   12.536|
b<1>           |result<16>     |   12.512|
b<1>           |result<17>     |   12.348|
b<1>           |result<18>     |   12.748|
b<1>           |result<19>     |   13.144|
b<1>           |result<20>     |   12.420|
b<1>           |result<21>     |   13.133|
b<1>           |result<22>     |   13.032|
b<1>           |result<23>     |   12.549|
b<1>           |result<24>     |   12.354|
b<1>           |result<25>     |   12.418|
b<1>           |result<26>     |   11.824|
b<1>           |result<27>     |   12.249|
b<1>           |result<28>     |   12.083|
b<1>           |result<29>     |   12.235|
b<1>           |result<30>     |   12.272|
b<1>           |result<31>     |   11.684|
b<1>           |zero           |   13.998|
b<2>           |result<2>      |   11.801|
b<2>           |result<3>      |   12.182|
b<2>           |result<4>      |   11.677|
b<2>           |result<5>      |   12.493|
b<2>           |result<6>      |   11.801|
b<2>           |result<7>      |   12.015|
b<2>           |result<8>      |   11.529|
b<2>           |result<9>      |   11.997|
b<2>           |result<10>     |   11.697|
b<2>           |result<11>     |   11.869|
b<2>           |result<12>     |   12.098|
b<2>           |result<13>     |   12.305|
b<2>           |result<14>     |   12.479|
b<2>           |result<15>     |   12.462|
b<2>           |result<16>     |   12.438|
b<2>           |result<17>     |   12.273|
b<2>           |result<18>     |   12.674|
b<2>           |result<19>     |   12.990|
b<2>           |result<20>     |   12.158|
b<2>           |result<21>     |   13.059|
b<2>           |result<22>     |   12.958|
b<2>           |result<23>     |   12.308|
b<2>           |result<24>     |   12.140|
b<2>           |result<25>     |   12.344|
b<2>           |result<26>     |   11.617|
b<2>           |result<27>     |   12.175|
b<2>           |result<28>     |   11.821|
b<2>           |result<29>     |   12.026|
b<2>           |result<30>     |   12.198|
b<2>           |result<31>     |   11.541|
b<2>           |zero           |   13.924|
b<3>           |result<3>      |   12.774|
b<3>           |result<4>      |   12.295|
b<3>           |result<5>      |   13.111|
b<3>           |result<6>      |   12.419|
b<3>           |result<7>      |   12.633|
b<3>           |result<8>      |   12.147|
b<3>           |result<9>      |   12.615|
b<3>           |result<10>     |   12.139|
b<3>           |result<11>     |   12.487|
b<3>           |result<12>     |   12.716|
b<3>           |result<13>     |   12.923|
b<3>           |result<14>     |   13.097|
b<3>           |result<15>     |   13.080|
b<3>           |result<16>     |   13.056|
b<3>           |result<17>     |   12.891|
b<3>           |result<18>     |   13.292|
b<3>           |result<19>     |   13.608|
b<3>           |result<20>     |   12.687|
b<3>           |result<21>     |   13.677|
b<3>           |result<22>     |   13.576|
b<3>           |result<23>     |   12.926|
b<3>           |result<24>     |   12.758|
b<3>           |result<25>     |   12.962|
b<3>           |result<26>     |   12.235|
b<3>           |result<27>     |   12.793|
b<3>           |result<28>     |   12.350|
b<3>           |result<29>     |   12.644|
b<3>           |result<30>     |   12.816|
b<3>           |result<31>     |   12.159|
b<3>           |zero           |   14.542|
b<4>           |result<4>      |   11.941|
b<4>           |result<5>      |   12.736|
b<4>           |result<6>      |   12.173|
b<4>           |result<7>      |   12.375|
b<4>           |result<8>      |   11.928|
b<4>           |result<9>      |   12.396|
b<4>           |result<10>     |   12.077|
b<4>           |result<11>     |   12.268|
b<4>           |result<12>     |   12.497|
b<4>           |result<13>     |   12.704|
b<4>           |result<14>     |   12.878|
b<4>           |result<15>     |   12.861|
b<4>           |result<16>     |   12.837|
b<4>           |result<17>     |   12.672|
b<4>           |result<18>     |   13.073|
b<4>           |result<19>     |   13.389|
b<4>           |result<20>     |   12.538|
b<4>           |result<21>     |   13.458|
b<4>           |result<22>     |   13.357|
b<4>           |result<23>     |   12.707|
b<4>           |result<24>     |   12.539|
b<4>           |result<25>     |   12.743|
b<4>           |result<26>     |   12.016|
b<4>           |result<27>     |   12.574|
b<4>           |result<28>     |   12.201|
b<4>           |result<29>     |   12.425|
b<4>           |result<30>     |   12.597|
b<4>           |result<31>     |   11.940|
b<4>           |zero           |   14.323|
b<5>           |result<5>      |   12.125|
b<5>           |result<6>      |   11.614|
b<5>           |result<7>      |   12.205|
b<5>           |result<8>      |   11.668|
b<5>           |result<9>      |   11.995|
b<5>           |result<10>     |   11.963|
b<5>           |result<11>     |   11.756|
b<5>           |result<12>     |   12.115|
b<5>           |result<13>     |   12.518|
b<5>           |result<14>     |   12.331|
b<5>           |result<15>     |   12.314|
b<5>           |result<16>     |   12.290|
b<5>           |result<17>     |   12.352|
b<5>           |result<18>     |   12.653|
b<5>           |result<19>     |   13.148|
b<5>           |result<20>     |   12.424|
b<5>           |result<21>     |   12.928|
b<5>           |result<22>     |   13.009|
b<5>           |result<23>     |   12.553|
b<5>           |result<24>     |   12.358|
b<5>           |result<25>     |   12.196|
b<5>           |result<26>     |   11.828|
b<5>           |result<27>     |   12.027|
b<5>           |result<28>     |   12.087|
b<5>           |result<29>     |   12.239|
b<5>           |result<30>     |   12.050|
b<5>           |result<31>     |   11.688|
b<5>           |zero           |   13.793|
b<6>           |result<6>      |   11.455|
b<6>           |result<7>      |   12.016|
b<6>           |result<8>      |   11.512|
b<6>           |result<9>      |   11.839|
b<6>           |result<10>     |   11.807|
b<6>           |result<11>     |   11.600|
b<6>           |result<12>     |   11.959|
b<6>           |result<13>     |   12.362|
b<6>           |result<14>     |   12.182|
b<6>           |result<15>     |   12.165|
b<6>           |result<16>     |   12.141|
b<6>           |result<17>     |   12.196|
b<6>           |result<18>     |   12.497|
b<6>           |result<19>     |   12.992|
b<6>           |result<20>     |   12.268|
b<6>           |result<21>     |   12.772|
b<6>           |result<22>     |   12.853|
b<6>           |result<23>     |   12.397|
b<6>           |result<24>     |   12.202|
b<6>           |result<25>     |   12.047|
b<6>           |result<26>     |   11.672|
b<6>           |result<27>     |   11.878|
b<6>           |result<28>     |   11.931|
b<6>           |result<29>     |   12.083|
b<6>           |result<30>     |   11.901|
b<6>           |result<31>     |   11.532|
b<6>           |zero           |   13.637|
b<7>           |result<7>      |   12.112|
b<7>           |result<8>      |   11.720|
b<7>           |result<9>      |   12.188|
b<7>           |result<10>     |   11.667|
b<7>           |result<11>     |   12.060|
b<7>           |result<12>     |   12.289|
b<7>           |result<13>     |   12.496|
b<7>           |result<14>     |   12.670|
b<7>           |result<15>     |   12.653|
b<7>           |result<16>     |   12.629|
b<7>           |result<17>     |   12.464|
b<7>           |result<18>     |   12.865|
b<7>           |result<19>     |   13.181|
b<7>           |result<20>     |   12.260|
b<7>           |result<21>     |   13.250|
b<7>           |result<22>     |   13.149|
b<7>           |result<23>     |   12.499|
b<7>           |result<24>     |   12.331|
b<7>           |result<25>     |   12.535|
b<7>           |result<26>     |   11.808|
b<7>           |result<27>     |   12.366|
b<7>           |result<28>     |   11.923|
b<7>           |result<29>     |   12.217|
b<7>           |result<30>     |   12.389|
b<7>           |result<31>     |   11.732|
b<7>           |zero           |   14.115|
b<8>           |result<8>      |   11.575|
b<8>           |result<9>      |   11.881|
b<8>           |result<10>     |   11.978|
b<8>           |result<11>     |   11.759|
b<8>           |result<12>     |   12.157|
b<8>           |result<13>     |   12.560|
b<8>           |result<14>     |   12.143|
b<8>           |result<15>     |   12.126|
b<8>           |result<16>     |   12.102|
b<8>           |result<17>     |   12.394|
b<8>           |result<18>     |   12.695|
b<8>           |result<19>     |   13.190|
b<8>           |result<20>     |   12.466|
b<8>           |result<21>     |   12.970|
b<8>           |result<22>     |   13.051|
b<8>           |result<23>     |   12.595|
b<8>           |result<24>     |   12.400|
b<8>           |result<25>     |   12.237|
b<8>           |result<26>     |   11.870|
b<8>           |result<27>     |   11.930|
b<8>           |result<28>     |   12.129|
b<8>           |result<29>     |   12.281|
b<8>           |result<30>     |   11.862|
b<8>           |result<31>     |   11.730|
b<8>           |zero           |   13.835|
b<9>           |result<9>      |   11.883|
b<9>           |result<10>     |   11.716|
b<9>           |result<11>     |   11.940|
b<9>           |result<12>     |   12.204|
b<9>           |result<13>     |   12.411|
b<9>           |result<14>     |   12.585|
b<9>           |result<15>     |   12.568|
b<9>           |result<16>     |   12.544|
b<9>           |result<17>     |   12.379|
b<9>           |result<18>     |   12.780|
b<9>           |result<19>     |   13.096|
b<9>           |result<20>     |   12.216|
b<9>           |result<21>     |   13.165|
b<9>           |result<22>     |   13.064|
b<9>           |result<23>     |   12.414|
b<9>           |result<24>     |   12.246|
b<9>           |result<25>     |   12.450|
b<9>           |result<26>     |   11.723|
b<9>           |result<27>     |   12.281|
b<9>           |result<28>     |   11.879|
b<9>           |result<29>     |   12.132|
b<9>           |result<30>     |   12.304|
b<9>           |result<31>     |   11.647|
b<9>           |zero           |   14.030|
b<10>          |result<10>     |   11.587|
b<10>          |result<11>     |   11.512|
b<10>          |result<12>     |   11.809|
b<10>          |result<13>     |   12.191|
b<10>          |result<14>     |   12.190|
b<10>          |result<15>     |   12.173|
b<10>          |result<16>     |   12.149|
b<10>          |result<17>     |   12.025|
b<10>          |result<18>     |   12.385|
b<10>          |result<19>     |   12.821|
b<10>          |result<20>     |   12.097|
b<10>          |result<21>     |   12.770|
b<10>          |result<22>     |   12.682|
b<10>          |result<23>     |   12.226|
b<10>          |result<24>     |   12.031|
b<10>          |result<25>     |   12.055|
b<10>          |result<26>     |   11.501|
b<10>          |result<27>     |   11.886|
b<10>          |result<28>     |   11.760|
b<10>          |result<29>     |   11.912|
b<10>          |result<30>     |   11.909|
b<10>          |result<31>     |   11.361|
b<10>          |zero           |   13.635|
b<11>          |result<11>     |   10.866|
b<11>          |result<12>     |   11.189|
b<11>          |result<13>     |   11.433|
b<11>          |result<14>     |   11.570|
b<11>          |result<15>     |   11.553|
b<11>          |result<16>     |   11.529|
b<11>          |result<17>     |   11.364|
b<11>          |result<18>     |   11.765|
b<11>          |result<19>     |   12.081|
b<11>          |result<20>     |   11.339|
b<11>          |result<21>     |   12.150|
b<11>          |result<22>     |   12.049|
b<11>          |result<23>     |   11.468|
b<11>          |result<24>     |   11.273|
b<11>          |result<25>     |   11.435|
b<11>          |result<26>     |   10.743|
b<11>          |result<27>     |   11.266|
b<11>          |result<28>     |   11.002|
b<11>          |result<29>     |   11.154|
b<11>          |result<30>     |   11.289|
b<11>          |result<31>     |   10.632|
b<11>          |zero           |   13.015|
b<12>          |result<12>     |   11.294|
b<12>          |result<13>     |   11.676|
b<12>          |result<14>     |   11.596|
b<12>          |result<15>     |   11.567|
b<12>          |result<16>     |   11.582|
b<12>          |result<17>     |   11.666|
b<12>          |result<18>     |   11.967|
b<12>          |result<19>     |   12.462|
b<12>          |result<20>     |   11.738|
b<12>          |result<21>     |   12.242|
b<12>          |result<22>     |   12.323|
b<12>          |result<23>     |   11.867|
b<12>          |result<24>     |   11.672|
b<12>          |result<25>     |   11.509|
b<12>          |result<26>     |   11.142|
b<12>          |result<27>     |   11.319|
b<12>          |result<28>     |   11.401|
b<12>          |result<29>     |   11.553|
b<12>          |result<30>     |   11.342|
b<12>          |result<31>     |   11.002|
b<12>          |zero           |   13.107|
b<13>          |result<13>     |   11.147|
b<13>          |result<14>     |   11.502|
b<13>          |result<15>     |   11.489|
b<13>          |result<16>     |   11.500|
b<13>          |result<17>     |   11.335|
b<13>          |result<18>     |   11.736|
b<13>          |result<19>     |   12.052|
b<13>          |result<20>     |   11.131|
b<13>          |result<21>     |   12.121|
b<13>          |result<22>     |   12.020|
b<13>          |result<23>     |   11.370|
b<13>          |result<24>     |   11.202|
b<13>          |result<25>     |   11.406|
b<13>          |result<26>     |   10.679|
b<13>          |result<27>     |   11.237|
b<13>          |result<28>     |   10.794|
b<13>          |result<29>     |   11.088|
b<13>          |result<30>     |   11.260|
b<13>          |result<31>     |   10.603|
b<13>          |zero           |   12.986|
b<14>          |result<14>     |   10.973|
b<14>          |result<15>     |   10.974|
b<14>          |result<16>     |   11.001|
b<14>          |result<17>     |   11.399|
b<14>          |result<18>     |   11.700|
b<14>          |result<19>     |   12.195|
b<14>          |result<20>     |   11.471|
b<14>          |result<21>     |   11.975|
b<14>          |result<22>     |   12.056|
b<14>          |result<23>     |   11.600|
b<14>          |result<24>     |   11.405|
b<14>          |result<25>     |   11.242|
b<14>          |result<26>     |   10.875|
b<14>          |result<27>     |   10.935|
b<14>          |result<28>     |   11.134|
b<14>          |result<29>     |   11.286|
b<14>          |result<30>     |   10.741|
b<14>          |result<31>     |   10.735|
b<14>          |zero           |   12.840|
b<15>          |result<15>     |   11.318|
b<15>          |result<16>     |   11.388|
b<15>          |result<17>     |   11.223|
b<15>          |result<18>     |   11.624|
b<15>          |result<19>     |   11.940|
b<15>          |result<20>     |   11.185|
b<15>          |result<21>     |   12.009|
b<15>          |result<22>     |   11.908|
b<15>          |result<23>     |   11.314|
b<15>          |result<24>     |   11.119|
b<15>          |result<25>     |   11.294|
b<15>          |result<26>     |   10.589|
b<15>          |result<27>     |   11.125|
b<15>          |result<28>     |   10.848|
b<15>          |result<29>     |   11.000|
b<15>          |result<30>     |   11.148|
b<15>          |result<31>     |   10.491|
b<15>          |zero           |   12.874|
b<16>          |result<16>     |   11.566|
b<16>          |result<17>     |   11.380|
b<16>          |result<18>     |   11.910|
b<16>          |result<19>     |   12.214|
b<16>          |result<20>     |   11.332|
b<16>          |result<21>     |   12.322|
b<16>          |result<22>     |   12.221|
b<16>          |result<23>     |   11.571|
b<16>          |result<24>     |   11.403|
b<16>          |result<25>     |   11.607|
b<16>          |result<26>     |   10.880|
b<16>          |result<27>     |   11.438|
b<16>          |result<28>     |   10.995|
b<16>          |result<29>     |   11.289|
b<16>          |result<30>     |   11.461|
b<16>          |result<31>     |   10.804|
b<16>          |zero           |   13.187|
b<17>          |result<17>     |   10.850|
b<17>          |result<18>     |   11.432|
b<17>          |result<19>     |   11.824|
b<17>          |result<20>     |   11.135|
b<17>          |result<21>     |   11.856|
b<17>          |result<22>     |   11.755|
b<17>          |result<23>     |   11.264|
b<17>          |result<24>     |   11.069|
b<17>          |result<25>     |   11.141|
b<17>          |result<26>     |   10.539|
b<17>          |result<27>     |   10.972|
b<17>          |result<28>     |   10.798|
b<17>          |result<29>     |   10.950|
b<17>          |result<30>     |   10.995|
b<17>          |result<31>     |   10.399|
b<17>          |zero           |   12.721|
b<18>          |result<18>     |   11.388|
b<18>          |result<19>     |   11.864|
b<18>          |result<20>     |   11.208|
b<18>          |result<21>     |   11.712|
b<18>          |result<22>     |   11.793|
b<18>          |result<23>     |   11.337|
b<18>          |result<24>     |   11.142|
b<18>          |result<25>     |   10.979|
b<18>          |result<26>     |   10.612|
b<18>          |result<27>     |   10.760|
b<18>          |result<28>     |   10.871|
b<18>          |result<29>     |   11.023|
b<18>          |result<30>     |   10.783|
b<18>          |result<31>     |   10.472|
b<18>          |zero           |   12.577|
b<19>          |result<19>     |   12.274|
b<19>          |result<20>     |   11.447|
b<19>          |result<21>     |   12.437|
b<19>          |result<22>     |   12.336|
b<19>          |result<23>     |   11.686|
b<19>          |result<24>     |   11.518|
b<19>          |result<25>     |   11.722|
b<19>          |result<26>     |   10.995|
b<19>          |result<27>     |   11.553|
b<19>          |result<28>     |   11.110|
b<19>          |result<29>     |   11.404|
b<19>          |result<30>     |   11.576|
b<19>          |result<31>     |   10.919|
b<19>          |zero           |   13.302|
b<20>          |result<20>     |   11.426|
b<20>          |result<21>     |   11.909|
b<20>          |result<22>     |   12.119|
b<20>          |result<23>     |   11.651|
b<20>          |result<24>     |   11.495|
b<20>          |result<25>     |   11.332|
b<20>          |result<26>     |   10.965|
b<20>          |result<27>     |   11.092|
b<20>          |result<28>     |   11.224|
b<20>          |result<29>     |   11.376|
b<20>          |result<30>     |   11.115|
b<20>          |result<31>     |   10.825|
b<20>          |zero           |   12.774|
b<21>          |result<21>     |   11.866|
b<21>          |result<22>     |   12.128|
b<21>          |result<23>     |   11.676|
b<21>          |result<24>     |   11.516|
b<21>          |result<25>     |   11.353|
b<21>          |result<26>     |   10.986|
b<21>          |result<27>     |   11.132|
b<21>          |result<28>     |   11.245|
b<21>          |result<29>     |   11.397|
b<21>          |result<30>     |   11.155|
b<21>          |result<31>     |   10.846|
b<21>          |zero           |   12.731|
b<22>          |result<22>     |   11.954|
b<22>          |result<23>     |   11.389|
b<22>          |result<24>     |   11.262|
b<22>          |result<25>     |   11.389|
b<22>          |result<26>     |   10.732|
b<22>          |result<27>     |   11.220|
b<22>          |result<28>     |   10.991|
b<22>          |result<29>     |   11.143|
b<22>          |result<30>     |   11.243|
b<22>          |result<31>     |   10.592|
b<22>          |zero           |   11.831|
b<23>          |result<23>     |   12.680|
b<23>          |result<24>     |   12.201|
b<23>          |result<25>     |   12.038|
b<23>          |result<26>     |   11.671|
b<23>          |result<27>     |   11.785|
b<23>          |result<28>     |   11.930|
b<23>          |result<29>     |   12.082|
b<23>          |result<30>     |   11.808|
b<23>          |result<31>     |   11.531|
b<23>          |zero           |   12.535|
b<24>          |result<24>     |   11.998|
b<24>          |result<25>     |   12.019|
b<24>          |result<26>     |   11.576|
b<24>          |result<27>     |   11.967|
b<24>          |result<28>     |   11.862|
b<24>          |result<29>     |   12.014|
b<24>          |result<30>     |   12.029|
b<24>          |result<31>     |   11.463|
b<24>          |zero           |   12.578|
b<25>          |result<25>     |   12.202|
b<25>          |result<26>     |   11.885|
b<25>          |result<27>     |   12.218|
b<25>          |result<28>     |   12.183|
b<25>          |result<29>     |   12.335|
b<25>          |result<30>     |   12.276|
b<25>          |result<31>     |   11.784|
b<25>          |zero           |   12.829|
b<26>          |result<26>     |   11.286|
b<26>          |result<27>     |   11.825|
b<26>          |result<28>     |   11.553|
b<26>          |result<29>     |   11.744|
b<26>          |result<30>     |   11.916|
b<26>          |result<31>     |   11.259|
b<26>          |zero           |   12.436|
b<27>          |result<27>     |   12.036|
b<27>          |result<28>     |   11.771|
b<27>          |result<29>     |   11.981|
b<27>          |result<30>     |   12.153|
b<27>          |result<31>     |   11.496|
b<27>          |zero           |   12.647|
b<28>          |result<28>     |   11.564|
b<28>          |result<29>     |   11.773|
b<28>          |result<30>     |   12.074|
b<28>          |result<31>     |   11.405|
b<28>          |zero           |   12.552|
b<29>          |result<29>     |   12.032|
b<29>          |result<30>     |   12.196|
b<29>          |result<31>     |   11.666|
b<29>          |zero           |   12.674|
b<30>          |result<30>     |   12.008|
b<30>          |result<31>     |   11.380|
b<30>          |zero           |   12.486|
b<31>          |result<31>     |   11.669|
b<31>          |zero           |   12.114|
---------------+---------------+---------+


Analysis completed Wed May 28 14:58:01 2025 
--------------------------------------------------------------------------------

Trace Settings:
-------------------------
Trace Settings 

Peak Memory Usage: 4553 MB



