--------------------------------------------------------------------------------
Release 14.7 Trace  (nt64)
Copyright (c) 1995-2013 Xilinx, Inc.  All rights reserved.

C:\Xilinx\14.7\ISE_DS\ISE\bin\nt64\unwrapped\trce.exe -intstyle ise -v 3 -s 3
-n 3 -fastpaths -xml ArithmeticUnit.twx ArithmeticUnit.ncd -o
ArithmeticUnit.twr ArithmeticUnit.pcf

Design file:              ArithmeticUnit.ncd
Physical constraint file: ArithmeticUnit.pcf
Device,package,speed:     xc6slx4,tqg144,C,-3 (PRODUCTION 1.23 2013-10-13)
Report level:             verbose report

Environment Variable      Effect 
--------------------      ------ 
NONE                      No environment variables were set
--------------------------------------------------------------------------------

INFO:Timing:2698 - No timing constraints found, doing default enumeration.
INFO:Timing:3412 - To improve timing, see the Timing Closure User Guide (UG612).
INFO:Timing:2752 - To get complete path coverage, use the unconstrained paths 
   option. All paths that are not constrained will be reported in the 
   unconstrained paths section(s) of the report.
INFO:Timing:3339 - The clock-to-out numbers in this timing report are based on 
   a 50 Ohm transmission line loading model.  For the details of this model, 
   and for more information on accounting for different loading conditions, 
   please see the device datasheet.



Data Sheet report:
-----------------
All values displayed in nanoseconds (ns)

Pad to Pad
---------------+---------------+---------+
Source Pad     |Destination Pad|  Delay  |
---------------+---------------+---------+
A<0>           |AddOut<0>      |   10.072|
A<0>           |AddOut<1>      |   10.026|
A<0>           |AddOut<2>      |   10.540|
A<0>           |AddOut<3>      |   10.432|
A<0>           |AddOut<4>      |   11.839|
A<0>           |AddOut<5>      |   12.481|
A<0>           |AddOut<6>      |   12.775|
A<0>           |AddOut<7>      |   13.062|
A<0>           |AddOut<8>      |   13.137|
A<0>           |AddOut<9>      |   13.324|
A<0>           |AddOut<10>     |   13.552|
A<0>           |AddOut<11>     |   14.113|
A<0>           |AddOut<12>     |   14.374|
A<0>           |AddOut<13>     |   14.523|
A<0>           |AddOut<14>     |   13.880|
A<0>           |AddOut<15>     |   14.550|
A<0>           |AddOut<16>     |   14.397|
A<0>           |AddOut<17>     |   14.962|
A<0>           |AddOut<18>     |   14.880|
A<0>           |AddOut<19>     |   15.263|
A<0>           |AddOut<20>     |   15.375|
A<0>           |AddOut<21>     |   15.675|
A<0>           |AddOut<22>     |   16.026|
A<0>           |AddOut<23>     |   16.856|
A<0>           |AddOut<24>     |   16.790|
A<0>           |AddOut<25>     |   17.313|
A<0>           |AddOut<26>     |   18.730|
A<0>           |AddOut<27>     |   19.328|
A<0>           |AddOut<28>     |   19.027|
A<0>           |AddOut<29>     |   19.635|
A<0>           |AddOut<30>     |   20.223|
A<0>           |AddOut<31>     |   20.828|
A<0>           |cout           |   20.088|
A<1>           |AddOut<1>      |   10.415|
A<1>           |AddOut<2>      |   10.929|
A<1>           |AddOut<3>      |   10.821|
A<1>           |AddOut<4>      |   12.228|
A<1>           |AddOut<5>      |   12.870|
A<1>           |AddOut<6>      |   13.164|
A<1>           |AddOut<7>      |   13.451|
A<1>           |AddOut<8>      |   13.526|
A<1>           |AddOut<9>      |   13.713|
A<1>           |AddOut<10>     |   13.941|
A<1>           |AddOut<11>     |   14.502|
A<1>           |AddOut<12>     |   14.763|
A<1>           |AddOut<13>     |   14.912|
A<1>           |AddOut<14>     |   14.269|
A<1>           |AddOut<15>     |   14.939|
A<1>           |AddOut<16>     |   14.786|
A<1>           |AddOut<17>     |   15.351|
A<1>           |AddOut<18>     |   15.269|
A<1>           |AddOut<19>     |   15.652|
A<1>           |AddOut<20>     |   15.764|
A<1>           |AddOut<21>     |   16.064|
A<1>           |AddOut<22>     |   16.415|
A<1>           |AddOut<23>     |   17.245|
A<1>           |AddOut<24>     |   17.179|
A<1>           |AddOut<25>     |   17.702|
A<1>           |AddOut<26>     |   19.119|
A<1>           |AddOut<27>     |   19.717|
A<1>           |AddOut<28>     |   19.416|
A<1>           |AddOut<29>     |   20.024|
A<1>           |AddOut<30>     |   20.612|
A<1>           |AddOut<31>     |   21.217|
A<1>           |cout           |   20.477|
A<2>           |AddOut<2>      |    9.846|
A<2>           |AddOut<3>      |   10.117|
A<2>           |AddOut<4>      |   10.829|
A<2>           |AddOut<5>      |   11.471|
A<2>           |AddOut<6>      |   11.765|
A<2>           |AddOut<7>      |   12.052|
A<2>           |AddOut<8>      |   12.127|
A<2>           |AddOut<9>      |   12.314|
A<2>           |AddOut<10>     |   12.542|
A<2>           |AddOut<11>     |   13.103|
A<2>           |AddOut<12>     |   13.364|
A<2>           |AddOut<13>     |   13.513|
A<2>           |AddOut<14>     |   12.870|
A<2>           |AddOut<15>     |   13.540|
A<2>           |AddOut<16>     |   13.387|
A<2>           |AddOut<17>     |   13.952|
A<2>           |AddOut<18>     |   13.870|
A<2>           |AddOut<19>     |   14.253|
A<2>           |AddOut<20>     |   14.365|
A<2>           |AddOut<21>     |   14.665|
A<2>           |AddOut<22>     |   15.016|
A<2>           |AddOut<23>     |   15.846|
A<2>           |AddOut<24>     |   15.780|
A<2>           |AddOut<25>     |   16.303|
A<2>           |AddOut<26>     |   17.720|
A<2>           |AddOut<27>     |   18.318|
A<2>           |AddOut<28>     |   18.017|
A<2>           |AddOut<29>     |   18.625|
A<2>           |AddOut<30>     |   19.213|
A<2>           |AddOut<31>     |   19.818|
A<2>           |cout           |   19.078|
A<3>           |AddOut<3>      |    9.757|
A<3>           |AddOut<4>      |   10.480|
A<3>           |AddOut<5>      |   11.122|
A<3>           |AddOut<6>      |   11.416|
A<3>           |AddOut<7>      |   11.703|
A<3>           |AddOut<8>      |   11.778|
A<3>           |AddOut<9>      |   11.965|
A<3>           |AddOut<10>     |   12.193|
A<3>           |AddOut<11>     |   12.754|
A<3>           |AddOut<12>     |   13.015|
A<3>           |AddOut<13>     |   13.164|
A<3>           |AddOut<14>     |   12.521|
A<3>           |AddOut<15>     |   13.191|
A<3>           |AddOut<16>     |   13.038|
A<3>           |AddOut<17>     |   13.603|
A<3>           |AddOut<18>     |   13.521|
A<3>           |AddOut<19>     |   13.904|
A<3>           |AddOut<20>     |   14.016|
A<3>           |AddOut<21>     |   14.316|
A<3>           |AddOut<22>     |   14.667|
A<3>           |AddOut<23>     |   15.497|
A<3>           |AddOut<24>     |   15.431|
A<3>           |AddOut<25>     |   15.954|
A<3>           |AddOut<26>     |   17.371|
A<3>           |AddOut<27>     |   17.969|
A<3>           |AddOut<28>     |   17.668|
A<3>           |AddOut<29>     |   18.276|
A<3>           |AddOut<30>     |   18.864|
A<3>           |AddOut<31>     |   19.469|
A<3>           |cout           |   18.729|
A<4>           |AddOut<4>      |   10.366|
A<4>           |AddOut<5>      |   10.402|
A<4>           |AddOut<6>      |   11.435|
A<4>           |AddOut<7>      |   11.722|
A<4>           |AddOut<8>      |   11.797|
A<4>           |AddOut<9>      |   11.984|
A<4>           |AddOut<10>     |   12.212|
A<4>           |AddOut<11>     |   12.773|
A<4>           |AddOut<12>     |   13.034|
A<4>           |AddOut<13>     |   13.183|
A<4>           |AddOut<14>     |   12.540|
A<4>           |AddOut<15>     |   13.210|
A<4>           |AddOut<16>     |   13.057|
A<4>           |AddOut<17>     |   13.622|
A<4>           |AddOut<18>     |   13.540|
A<4>           |AddOut<19>     |   13.923|
A<4>           |AddOut<20>     |   14.035|
A<4>           |AddOut<21>     |   14.335|
A<4>           |AddOut<22>     |   14.686|
A<4>           |AddOut<23>     |   15.516|
A<4>           |AddOut<24>     |   15.450|
A<4>           |AddOut<25>     |   15.973|
A<4>           |AddOut<26>     |   17.390|
A<4>           |AddOut<27>     |   17.988|
A<4>           |AddOut<28>     |   17.687|
A<4>           |AddOut<29>     |   18.295|
A<4>           |AddOut<30>     |   18.883|
A<4>           |AddOut<31>     |   19.488|
A<4>           |cout           |   18.748|
A<5>           |AddOut<5>      |   10.661|
A<5>           |AddOut<6>      |   11.133|
A<5>           |AddOut<7>      |   11.420|
A<5>           |AddOut<8>      |   11.495|
A<5>           |AddOut<9>      |   11.682|
A<5>           |AddOut<10>     |   11.910|
A<5>           |AddOut<11>     |   12.471|
A<5>           |AddOut<12>     |   12.732|
A<5>           |AddOut<13>     |   12.881|
A<5>           |AddOut<14>     |   12.238|
A<5>           |AddOut<15>     |   12.908|
A<5>           |AddOut<16>     |   12.755|
A<5>           |AddOut<17>     |   13.320|
A<5>           |AddOut<18>     |   13.238|
A<5>           |AddOut<19>     |   13.621|
A<5>           |AddOut<20>     |   13.733|
A<5>           |AddOut<21>     |   14.033|
A<5>           |AddOut<22>     |   14.384|
A<5>           |AddOut<23>     |   15.214|
A<5>           |AddOut<24>     |   15.148|
A<5>           |AddOut<25>     |   15.671|
A<5>           |AddOut<26>     |   17.088|
A<5>           |AddOut<27>     |   17.686|
A<5>           |AddOut<28>     |   17.385|
A<5>           |AddOut<29>     |   17.993|
A<5>           |AddOut<30>     |   18.581|
A<5>           |AddOut<31>     |   19.186|
A<5>           |cout           |   18.446|
A<6>           |AddOut<6>      |    9.914|
A<6>           |AddOut<7>      |   11.035|
A<6>           |AddOut<8>      |   11.309|
A<6>           |AddOut<9>      |   11.496|
A<6>           |AddOut<10>     |   11.724|
A<6>           |AddOut<11>     |   12.285|
A<6>           |AddOut<12>     |   12.546|
A<6>           |AddOut<13>     |   12.695|
A<6>           |AddOut<14>     |   12.052|
A<6>           |AddOut<15>     |   12.722|
A<6>           |AddOut<16>     |   12.569|
A<6>           |AddOut<17>     |   13.134|
A<6>           |AddOut<18>     |   13.052|
A<6>           |AddOut<19>     |   13.435|
A<6>           |AddOut<20>     |   13.547|
A<6>           |AddOut<21>     |   13.847|
A<6>           |AddOut<22>     |   14.198|
A<6>           |AddOut<23>     |   15.028|
A<6>           |AddOut<24>     |   14.962|
A<6>           |AddOut<25>     |   15.485|
A<6>           |AddOut<26>     |   16.902|
A<6>           |AddOut<27>     |   17.500|
A<6>           |AddOut<28>     |   17.199|
A<6>           |AddOut<29>     |   17.807|
A<6>           |AddOut<30>     |   18.395|
A<6>           |AddOut<31>     |   19.000|
A<6>           |cout           |   18.260|
A<7>           |AddOut<7>      |   10.976|
A<7>           |AddOut<8>      |   10.997|
A<7>           |AddOut<9>      |   11.184|
A<7>           |AddOut<10>     |   11.412|
A<7>           |AddOut<11>     |   11.973|
A<7>           |AddOut<12>     |   12.234|
A<7>           |AddOut<13>     |   12.383|
A<7>           |AddOut<14>     |   11.740|
A<7>           |AddOut<15>     |   12.410|
A<7>           |AddOut<16>     |   12.257|
A<7>           |AddOut<17>     |   12.822|
A<7>           |AddOut<18>     |   12.740|
A<7>           |AddOut<19>     |   13.123|
A<7>           |AddOut<20>     |   13.235|
A<7>           |AddOut<21>     |   13.535|
A<7>           |AddOut<22>     |   13.886|
A<7>           |AddOut<23>     |   14.716|
A<7>           |AddOut<24>     |   14.650|
A<7>           |AddOut<25>     |   15.173|
A<7>           |AddOut<26>     |   16.590|
A<7>           |AddOut<27>     |   17.188|
A<7>           |AddOut<28>     |   16.887|
A<7>           |AddOut<29>     |   17.495|
A<7>           |AddOut<30>     |   18.083|
A<7>           |AddOut<31>     |   18.688|
A<7>           |cout           |   17.948|
A<8>           |AddOut<8>      |   10.284|
A<8>           |AddOut<9>      |   10.635|
A<8>           |AddOut<10>     |   10.699|
A<8>           |AddOut<11>     |   11.260|
A<8>           |AddOut<12>     |   11.521|
A<8>           |AddOut<13>     |   11.670|
A<8>           |AddOut<14>     |   11.027|
A<8>           |AddOut<15>     |   11.697|
A<8>           |AddOut<16>     |   11.544|
A<8>           |AddOut<17>     |   12.109|
A<8>           |AddOut<18>     |   12.027|
A<8>           |AddOut<19>     |   12.410|
A<8>           |AddOut<20>     |   12.522|
A<8>           |AddOut<21>     |   12.822|
A<8>           |AddOut<22>     |   13.173|
A<8>           |AddOut<23>     |   14.003|
A<8>           |AddOut<24>     |   13.937|
A<8>           |AddOut<25>     |   14.460|
A<8>           |AddOut<26>     |   15.877|
A<8>           |AddOut<27>     |   16.475|
A<8>           |AddOut<28>     |   16.174|
A<8>           |AddOut<29>     |   16.782|
A<8>           |AddOut<30>     |   17.370|
A<8>           |AddOut<31>     |   17.975|
A<8>           |cout           |   17.235|
A<9>           |AddOut<9>      |   10.440|
A<9>           |AddOut<10>     |    9.949|
A<9>           |AddOut<11>     |   10.525|
A<9>           |AddOut<12>     |   10.786|
A<9>           |AddOut<13>     |   10.935|
A<9>           |AddOut<14>     |   10.292|
A<9>           |AddOut<15>     |   10.962|
A<9>           |AddOut<16>     |   10.809|
A<9>           |AddOut<17>     |   11.374|
A<9>           |AddOut<18>     |   11.292|
A<9>           |AddOut<19>     |   11.675|
A<9>           |AddOut<20>     |   11.787|
A<9>           |AddOut<21>     |   12.087|
A<9>           |AddOut<22>     |   12.438|
A<9>           |AddOut<23>     |   13.268|
A<9>           |AddOut<24>     |   13.202|
A<9>           |AddOut<25>     |   13.725|
A<9>           |AddOut<26>     |   15.142|
A<9>           |AddOut<27>     |   15.740|
A<9>           |AddOut<28>     |   15.439|
A<9>           |AddOut<29>     |   16.047|
A<9>           |AddOut<30>     |   16.635|
A<9>           |AddOut<31>     |   17.240|
A<9>           |cout           |   16.500|
A<10>          |AddOut<10>     |   10.111|
A<10>          |AddOut<11>     |   10.095|
A<10>          |AddOut<12>     |   10.356|
A<10>          |AddOut<13>     |   10.505|
A<10>          |AddOut<14>     |    9.862|
A<10>          |AddOut<15>     |   10.532|
A<10>          |AddOut<16>     |   10.379|
A<10>          |AddOut<17>     |   10.944|
A<10>          |AddOut<18>     |   10.862|
A<10>          |AddOut<19>     |   11.245|
A<10>          |AddOut<20>     |   11.357|
A<10>          |AddOut<21>     |   11.657|
A<10>          |AddOut<22>     |   12.008|
A<10>          |AddOut<23>     |   12.838|
A<10>          |AddOut<24>     |   12.772|
A<10>          |AddOut<25>     |   13.295|
A<10>          |AddOut<26>     |   14.712|
A<10>          |AddOut<27>     |   15.310|
A<10>          |AddOut<28>     |   15.009|
A<10>          |AddOut<29>     |   15.617|
A<10>          |AddOut<30>     |   16.205|
A<10>          |AddOut<31>     |   16.810|
A<10>          |cout           |   16.070|
A<11>          |AddOut<11>     |   10.177|
A<11>          |AddOut<12>     |    9.974|
A<11>          |AddOut<13>     |   10.757|
A<11>          |AddOut<14>     |   10.114|
A<11>          |AddOut<15>     |   10.784|
A<11>          |AddOut<16>     |   10.631|
A<11>          |AddOut<17>     |   11.196|
A<11>          |AddOut<18>     |   11.114|
A<11>          |AddOut<19>     |   11.497|
A<11>          |AddOut<20>     |   11.609|
A<11>          |AddOut<21>     |   11.909|
A<11>          |AddOut<22>     |   12.260|
A<11>          |AddOut<23>     |   13.090|
A<11>          |AddOut<24>     |   13.024|
A<11>          |AddOut<25>     |   13.547|
A<11>          |AddOut<26>     |   14.964|
A<11>          |AddOut<27>     |   15.562|
A<11>          |AddOut<28>     |   15.261|
A<11>          |AddOut<29>     |   15.869|
A<11>          |AddOut<30>     |   16.457|
A<11>          |AddOut<31>     |   17.062|
A<11>          |cout           |   16.322|
A<12>          |AddOut<12>     |   10.136|
A<12>          |AddOut<13>     |   11.020|
A<12>          |AddOut<14>     |   10.377|
A<12>          |AddOut<15>     |   11.047|
A<12>          |AddOut<16>     |   10.894|
A<12>          |AddOut<17>     |   11.459|
A<12>          |AddOut<18>     |   11.377|
A<12>          |AddOut<19>     |   11.760|
A<12>          |AddOut<20>     |   11.872|
A<12>          |AddOut<21>     |   12.172|
A<12>          |AddOut<22>     |   12.523|
A<12>          |AddOut<23>     |   13.353|
A<12>          |AddOut<24>     |   13.287|
A<12>          |AddOut<25>     |   13.810|
A<12>          |AddOut<26>     |   15.227|
A<12>          |AddOut<27>     |   15.825|
A<12>          |AddOut<28>     |   15.524|
A<12>          |AddOut<29>     |   16.132|
A<12>          |AddOut<30>     |   16.720|
A<12>          |AddOut<31>     |   17.325|
A<12>          |cout           |   16.585|
A<13>          |AddOut<13>     |    9.941|
A<13>          |AddOut<14>     |    9.406|
A<13>          |AddOut<15>     |   10.217|
A<13>          |AddOut<16>     |   10.064|
A<13>          |AddOut<17>     |   10.629|
A<13>          |AddOut<18>     |   10.547|
A<13>          |AddOut<19>     |   10.930|
A<13>          |AddOut<20>     |   11.042|
A<13>          |AddOut<21>     |   11.342|
A<13>          |AddOut<22>     |   11.693|
A<13>          |AddOut<23>     |   12.523|
A<13>          |AddOut<24>     |   12.457|
A<13>          |AddOut<25>     |   12.980|
A<13>          |AddOut<26>     |   14.397|
A<13>          |AddOut<27>     |   14.995|
A<13>          |AddOut<28>     |   14.694|
A<13>          |AddOut<29>     |   15.302|
A<13>          |AddOut<30>     |   15.890|
A<13>          |AddOut<31>     |   16.495|
A<13>          |cout           |   15.755|
A<14>          |AddOut<14>     |    9.635|
A<14>          |AddOut<15>     |   10.210|
A<14>          |AddOut<16>     |   10.057|
A<14>          |AddOut<17>     |   10.622|
A<14>          |AddOut<18>     |   10.540|
A<14>          |AddOut<19>     |   10.923|
A<14>          |AddOut<20>     |   11.035|
A<14>          |AddOut<21>     |   11.335|
A<14>          |AddOut<22>     |   11.686|
A<14>          |AddOut<23>     |   12.516|
A<14>          |AddOut<24>     |   12.450|
A<14>          |AddOut<25>     |   12.973|
A<14>          |AddOut<26>     |   14.390|
A<14>          |AddOut<27>     |   14.988|
A<14>          |AddOut<28>     |   14.687|
A<14>          |AddOut<29>     |   15.295|
A<14>          |AddOut<30>     |   15.883|
A<14>          |AddOut<31>     |   16.488|
A<14>          |cout           |   15.748|
A<15>          |AddOut<15>     |    9.739|
A<15>          |AddOut<16>     |    9.722|
A<15>          |AddOut<17>     |   10.399|
A<15>          |AddOut<18>     |   10.317|
A<15>          |AddOut<19>     |   10.700|
A<15>          |AddOut<20>     |   10.812|
A<15>          |AddOut<21>     |   11.112|
A<15>          |AddOut<22>     |   11.463|
A<15>          |AddOut<23>     |   12.293|
A<15>          |AddOut<24>     |   12.227|
A<15>          |AddOut<25>     |   12.750|
A<15>          |AddOut<26>     |   14.167|
A<15>          |AddOut<27>     |   14.765|
A<15>          |AddOut<28>     |   14.464|
A<15>          |AddOut<29>     |   15.072|
A<15>          |AddOut<30>     |   15.660|
A<15>          |AddOut<31>     |   16.265|
A<15>          |cout           |   15.525|
A<16>          |AddOut<16>     |    9.383|
A<16>          |AddOut<17>     |   10.317|
A<16>          |AddOut<18>     |   10.235|
A<16>          |AddOut<19>     |   10.618|
A<16>          |AddOut<20>     |   10.730|
A<16>          |AddOut<21>     |   11.030|
A<16>          |AddOut<22>     |   11.381|
A<16>          |AddOut<23>     |   12.211|
A<16>          |AddOut<24>     |   12.145|
A<16>          |AddOut<25>     |   12.668|
A<16>          |AddOut<26>     |   14.085|
A<16>          |AddOut<27>     |   14.683|
A<16>          |AddOut<28>     |   14.382|
A<16>          |AddOut<29>     |   14.990|
A<16>          |AddOut<30>     |   15.578|
A<16>          |AddOut<31>     |   16.183|
A<16>          |cout           |   15.443|
A<17>          |AddOut<17>     |    9.418|
A<17>          |AddOut<18>     |    9.463|
A<17>          |AddOut<19>     |    9.782|
A<17>          |AddOut<20>     |    9.894|
A<17>          |AddOut<21>     |   10.194|
A<17>          |AddOut<22>     |   10.545|
A<17>          |AddOut<23>     |   11.375|
A<17>          |AddOut<24>     |   11.309|
A<17>          |AddOut<25>     |   11.832|
A<17>          |AddOut<26>     |   13.249|
A<17>          |AddOut<27>     |   13.847|
A<17>          |AddOut<28>     |   13.546|
A<17>          |AddOut<29>     |   14.154|
A<17>          |AddOut<30>     |   14.742|
A<17>          |AddOut<31>     |   15.347|
A<17>          |cout           |   14.607|
A<18>          |AddOut<18>     |    9.746|
A<18>          |AddOut<19>     |   10.456|
A<18>          |AddOut<20>     |   10.568|
A<18>          |AddOut<21>     |   10.868|
A<18>          |AddOut<22>     |   11.219|
A<18>          |AddOut<23>     |   12.049|
A<18>          |AddOut<24>     |   11.983|
A<18>          |AddOut<25>     |   12.506|
A<18>          |AddOut<26>     |   13.923|
A<18>          |AddOut<27>     |   14.521|
A<18>          |AddOut<28>     |   14.220|
A<18>          |AddOut<29>     |   14.828|
A<18>          |AddOut<30>     |   15.416|
A<18>          |AddOut<31>     |   16.021|
A<18>          |cout           |   15.281|
A<19>          |AddOut<19>     |    9.779|
A<19>          |AddOut<20>     |    9.738|
A<19>          |AddOut<21>     |   10.406|
A<19>          |AddOut<22>     |   10.757|
A<19>          |AddOut<23>     |   11.587|
A<19>          |AddOut<24>     |   11.521|
A<19>          |AddOut<25>     |   12.044|
A<19>          |AddOut<26>     |   13.461|
A<19>          |AddOut<27>     |   14.059|
A<19>          |AddOut<28>     |   13.758|
A<19>          |AddOut<29>     |   14.366|
A<19>          |AddOut<30>     |   14.954|
A<19>          |AddOut<31>     |   15.559|
A<19>          |cout           |   14.819|
A<20>          |AddOut<20>     |    9.725|
A<20>          |AddOut<21>     |   10.322|
A<20>          |AddOut<22>     |   10.673|
A<20>          |AddOut<23>     |   11.503|
A<20>          |AddOut<24>     |   11.437|
A<20>          |AddOut<25>     |   11.960|
A<20>          |AddOut<26>     |   13.377|
A<20>          |AddOut<27>     |   13.975|
A<20>          |AddOut<28>     |   13.674|
A<20>          |AddOut<29>     |   14.282|
A<20>          |AddOut<30>     |   14.870|
A<20>          |AddOut<31>     |   15.475|
A<20>          |cout           |   14.735|
A<21>          |AddOut<21>     |    9.010|
A<21>          |AddOut<22>     |    9.088|
A<21>          |AddOut<23>     |   10.424|
A<21>          |AddOut<24>     |   10.358|
A<21>          |AddOut<25>     |   10.881|
A<21>          |AddOut<26>     |   12.298|
A<21>          |AddOut<27>     |   12.896|
A<21>          |AddOut<28>     |   12.595|
A<21>          |AddOut<29>     |   13.203|
A<21>          |AddOut<30>     |   13.791|
A<21>          |AddOut<31>     |   14.396|
A<21>          |cout           |   13.656|
A<22>          |AddOut<22>     |    9.523|
A<22>          |AddOut<23>     |   10.323|
A<22>          |AddOut<24>     |   10.257|
A<22>          |AddOut<25>     |   10.780|
A<22>          |AddOut<26>     |   12.197|
A<22>          |AddOut<27>     |   12.795|
A<22>          |AddOut<28>     |   12.494|
A<22>          |AddOut<29>     |   13.102|
A<22>          |AddOut<30>     |   13.690|
A<22>          |AddOut<31>     |   14.295|
A<22>          |cout           |   13.555|
A<23>          |AddOut<23>     |    9.606|
A<23>          |AddOut<24>     |    9.132|
A<23>          |AddOut<25>     |   10.877|
A<23>          |AddOut<26>     |   12.294|
A<23>          |AddOut<27>     |   12.892|
A<23>          |AddOut<28>     |   12.591|
A<23>          |AddOut<29>     |   13.199|
A<23>          |AddOut<30>     |   13.787|
A<23>          |AddOut<31>     |   14.392|
A<23>          |cout           |   13.652|
A<24>          |AddOut<24>     |    9.337|
A<24>          |AddOut<25>     |   10.901|
A<24>          |AddOut<26>     |   12.318|
A<24>          |AddOut<27>     |   12.916|
A<24>          |AddOut<28>     |   12.615|
A<24>          |AddOut<29>     |   13.223|
A<24>          |AddOut<30>     |   13.811|
A<24>          |AddOut<31>     |   14.416|
A<24>          |cout           |   13.676|
A<25>          |AddOut<25>     |    9.839|
A<25>          |AddOut<26>     |   10.618|
A<25>          |AddOut<27>     |   11.803|
A<25>          |AddOut<28>     |   11.502|
A<25>          |AddOut<29>     |   12.110|
A<25>          |AddOut<30>     |   12.698|
A<25>          |AddOut<31>     |   13.303|
A<25>          |cout           |   12.563|
A<26>          |AddOut<26>     |   11.025|
A<26>          |AddOut<27>     |   11.792|
A<26>          |AddOut<28>     |   11.491|
A<26>          |AddOut<29>     |   12.099|
A<26>          |AddOut<30>     |   12.687|
A<26>          |AddOut<31>     |   13.292|
A<26>          |cout           |   12.552|
A<27>          |AddOut<27>     |   10.351|
A<27>          |AddOut<28>     |   10.041|
A<27>          |AddOut<29>     |   11.059|
A<27>          |AddOut<30>     |   11.647|
A<27>          |AddOut<31>     |   12.252|
A<27>          |cout           |   11.512|
A<28>          |AddOut<28>     |   10.569|
A<28>          |AddOut<29>     |   11.233|
A<28>          |AddOut<30>     |   11.821|
A<28>          |AddOut<31>     |   12.426|
A<28>          |cout           |   11.686|
A<29>          |AddOut<29>     |   10.247|
A<29>          |AddOut<30>     |   10.751|
A<29>          |AddOut<31>     |   11.564|
A<29>          |cout           |   10.824|
A<30>          |AddOut<30>     |   11.296|
A<30>          |AddOut<31>     |   11.656|
A<30>          |cout           |   10.916|
A<31>          |AddOut<31>     |   10.906|
A<31>          |cout           |   10.166|
ALUOp1         |AddOut<1>      |   10.448|
ALUOp1         |AddOut<2>      |   10.962|
ALUOp1         |AddOut<3>      |   10.854|
ALUOp1         |AddOut<4>      |   12.261|
ALUOp1         |AddOut<5>      |   12.903|
ALUOp1         |AddOut<6>      |   13.197|
ALUOp1         |AddOut<7>      |   13.484|
ALUOp1         |AddOut<8>      |   13.559|
ALUOp1         |AddOut<9>      |   13.746|
ALUOp1         |AddOut<10>     |   13.974|
ALUOp1         |AddOut<11>     |   14.535|
ALUOp1         |AddOut<12>     |   14.796|
ALUOp1         |AddOut<13>     |   14.945|
ALUOp1         |AddOut<14>     |   14.302|
ALUOp1         |AddOut<15>     |   14.972|
ALUOp1         |AddOut<16>     |   14.819|
ALUOp1         |AddOut<17>     |   15.384|
ALUOp1         |AddOut<18>     |   15.302|
ALUOp1         |AddOut<19>     |   15.685|
ALUOp1         |AddOut<20>     |   15.797|
ALUOp1         |AddOut<21>     |   16.097|
ALUOp1         |AddOut<22>     |   16.448|
ALUOp1         |AddOut<23>     |   17.278|
ALUOp1         |AddOut<24>     |   17.212|
ALUOp1         |AddOut<25>     |   17.735|
ALUOp1         |AddOut<26>     |   19.152|
ALUOp1         |AddOut<27>     |   19.750|
ALUOp1         |AddOut<28>     |   19.449|
ALUOp1         |AddOut<29>     |   20.057|
ALUOp1         |AddOut<30>     |   20.645|
ALUOp1         |AddOut<31>     |   21.250|
ALUOp1         |cout           |   20.510|
B<0>           |AddOut<0>      |    9.993|
B<0>           |AddOut<1>      |   10.144|
B<0>           |AddOut<2>      |   10.658|
B<0>           |AddOut<3>      |   10.550|
B<0>           |AddOut<4>      |   11.957|
B<0>           |AddOut<5>      |   12.599|
B<0>           |AddOut<6>      |   12.893|
B<0>           |AddOut<7>      |   13.180|
B<0>           |AddOut<8>      |   13.255|
B<0>           |AddOut<9>      |   13.442|
B<0>           |AddOut<10>     |   13.670|
B<0>           |AddOut<11>     |   14.231|
B<0>           |AddOut<12>     |   14.492|
B<0>           |AddOut<13>     |   14.641|
B<0>           |AddOut<14>     |   13.998|
B<0>           |AddOut<15>     |   14.668|
B<0>           |AddOut<16>     |   14.515|
B<0>           |AddOut<17>     |   15.080|
B<0>           |AddOut<18>     |   14.998|
B<0>           |AddOut<19>     |   15.381|
B<0>           |AddOut<20>     |   15.493|
B<0>           |AddOut<21>     |   15.793|
B<0>           |AddOut<22>     |   16.144|
B<0>           |AddOut<23>     |   16.974|
B<0>           |AddOut<24>     |   16.908|
B<0>           |AddOut<25>     |   17.431|
B<0>           |AddOut<26>     |   18.848|
B<0>           |AddOut<27>     |   19.446|
B<0>           |AddOut<28>     |   19.145|
B<0>           |AddOut<29>     |   19.753|
B<0>           |AddOut<30>     |   20.341|
B<0>           |AddOut<31>     |   20.946|
B<0>           |cout           |   20.206|
B<1>           |AddOut<1>      |    9.180|
B<1>           |AddOut<2>      |    9.694|
B<1>           |AddOut<3>      |    9.586|
B<1>           |AddOut<4>      |   10.993|
B<1>           |AddOut<5>      |   11.635|
B<1>           |AddOut<6>      |   11.929|
B<1>           |AddOut<7>      |   12.216|
B<1>           |AddOut<8>      |   12.291|
B<1>           |AddOut<9>      |   12.478|
B<1>           |AddOut<10>     |   12.706|
B<1>           |AddOut<11>     |   13.267|
B<1>           |AddOut<12>     |   13.528|
B<1>           |AddOut<13>     |   13.677|
B<1>           |AddOut<14>     |   13.034|
B<1>           |AddOut<15>     |   13.704|
B<1>           |AddOut<16>     |   13.551|
B<1>           |AddOut<17>     |   14.116|
B<1>           |AddOut<18>     |   14.034|
B<1>           |AddOut<19>     |   14.417|
B<1>           |AddOut<20>     |   14.529|
B<1>           |AddOut<21>     |   14.829|
B<1>           |AddOut<22>     |   15.180|
B<1>           |AddOut<23>     |   16.010|
B<1>           |AddOut<24>     |   15.944|
B<1>           |AddOut<25>     |   16.467|
B<1>           |AddOut<26>     |   17.884|
B<1>           |AddOut<27>     |   18.482|
B<1>           |AddOut<28>     |   18.181|
B<1>           |AddOut<29>     |   18.789|
B<1>           |AddOut<30>     |   19.377|
B<1>           |AddOut<31>     |   19.982|
B<1>           |cout           |   19.242|
B<2>           |AddOut<2>      |    8.862|
B<2>           |AddOut<3>      |    8.690|
B<2>           |AddOut<4>      |    9.984|
B<2>           |AddOut<5>      |   10.626|
B<2>           |AddOut<6>      |   10.920|
B<2>           |AddOut<7>      |   11.207|
B<2>           |AddOut<8>      |   11.282|
B<2>           |AddOut<9>      |   11.469|
B<2>           |AddOut<10>     |   11.697|
B<2>           |AddOut<11>     |   12.258|
B<2>           |AddOut<12>     |   12.519|
B<2>           |AddOut<13>     |   12.668|
B<2>           |AddOut<14>     |   12.025|
B<2>           |AddOut<15>     |   12.695|
B<2>           |AddOut<16>     |   12.542|
B<2>           |AddOut<17>     |   13.107|
B<2>           |AddOut<18>     |   13.025|
B<2>           |AddOut<19>     |   13.408|
B<2>           |AddOut<20>     |   13.520|
B<2>           |AddOut<21>     |   13.820|
B<2>           |AddOut<22>     |   14.171|
B<2>           |AddOut<23>     |   15.001|
B<2>           |AddOut<24>     |   14.935|
B<2>           |AddOut<25>     |   15.458|
B<2>           |AddOut<26>     |   16.875|
B<2>           |AddOut<27>     |   17.473|
B<2>           |AddOut<28>     |   17.172|
B<2>           |AddOut<29>     |   17.780|
B<2>           |AddOut<30>     |   18.368|
B<2>           |AddOut<31>     |   18.973|
B<2>           |cout           |   18.233|
B<3>           |AddOut<3>      |    8.838|
B<3>           |AddOut<4>      |    9.229|
B<3>           |AddOut<5>      |    9.871|
B<3>           |AddOut<6>      |   10.165|
B<3>           |AddOut<7>      |   10.452|
B<3>           |AddOut<8>      |   10.527|
B<3>           |AddOut<9>      |   10.714|
B<3>           |AddOut<10>     |   10.942|
B<3>           |AddOut<11>     |   11.503|
B<3>           |AddOut<12>     |   11.764|
B<3>           |AddOut<13>     |   11.913|
B<3>           |AddOut<14>     |   11.270|
B<3>           |AddOut<15>     |   11.940|
B<3>           |AddOut<16>     |   11.787|
B<3>           |AddOut<17>     |   12.352|
B<3>           |AddOut<18>     |   12.270|
B<3>           |AddOut<19>     |   12.653|
B<3>           |AddOut<20>     |   12.765|
B<3>           |AddOut<21>     |   13.065|
B<3>           |AddOut<22>     |   13.416|
B<3>           |AddOut<23>     |   14.246|
B<3>           |AddOut<24>     |   14.180|
B<3>           |AddOut<25>     |   14.703|
B<3>           |AddOut<26>     |   16.120|
B<3>           |AddOut<27>     |   16.718|
B<3>           |AddOut<28>     |   16.417|
B<3>           |AddOut<29>     |   17.025|
B<3>           |AddOut<30>     |   17.613|
B<3>           |AddOut<31>     |   18.218|
B<3>           |cout           |   17.478|
B<4>           |AddOut<4>      |    9.409|
B<4>           |AddOut<5>      |    9.613|
B<4>           |AddOut<6>      |   10.365|
B<4>           |AddOut<7>      |   10.652|
B<4>           |AddOut<8>      |   10.727|
B<4>           |AddOut<9>      |   10.914|
B<4>           |AddOut<10>     |   11.142|
B<4>           |AddOut<11>     |   11.703|
B<4>           |AddOut<12>     |   11.964|
B<4>           |AddOut<13>     |   12.113|
B<4>           |AddOut<14>     |   11.470|
B<4>           |AddOut<15>     |   12.140|
B<4>           |AddOut<16>     |   11.987|
B<4>           |AddOut<17>     |   12.552|
B<4>           |AddOut<18>     |   12.470|
B<4>           |AddOut<19>     |   12.853|
B<4>           |AddOut<20>     |   12.965|
B<4>           |AddOut<21>     |   13.265|
B<4>           |AddOut<22>     |   13.616|
B<4>           |AddOut<23>     |   14.446|
B<4>           |AddOut<24>     |   14.380|
B<4>           |AddOut<25>     |   14.903|
B<4>           |AddOut<26>     |   16.320|
B<4>           |AddOut<27>     |   16.918|
B<4>           |AddOut<28>     |   16.617|
B<4>           |AddOut<29>     |   17.225|
B<4>           |AddOut<30>     |   17.813|
B<4>           |AddOut<31>     |   18.418|
B<4>           |cout           |   17.678|
B<5>           |AddOut<5>      |    9.834|
B<5>           |AddOut<6>      |   10.050|
B<5>           |AddOut<7>      |   10.337|
B<5>           |AddOut<8>      |   10.412|
B<5>           |AddOut<9>      |   10.599|
B<5>           |AddOut<10>     |   10.827|
B<5>           |AddOut<11>     |   11.388|
B<5>           |AddOut<12>     |   11.649|
B<5>           |AddOut<13>     |   11.798|
B<5>           |AddOut<14>     |   11.155|
B<5>           |AddOut<15>     |   11.825|
B<5>           |AddOut<16>     |   11.672|
B<5>           |AddOut<17>     |   12.237|
B<5>           |AddOut<18>     |   12.155|
B<5>           |AddOut<19>     |   12.538|
B<5>           |AddOut<20>     |   12.650|
B<5>           |AddOut<21>     |   12.950|
B<5>           |AddOut<22>     |   13.301|
B<5>           |AddOut<23>     |   14.131|
B<5>           |AddOut<24>     |   14.065|
B<5>           |AddOut<25>     |   14.588|
B<5>           |AddOut<26>     |   16.005|
B<5>           |AddOut<27>     |   16.603|
B<5>           |AddOut<28>     |   16.302|
B<5>           |AddOut<29>     |   16.910|
B<5>           |AddOut<30>     |   17.498|
B<5>           |AddOut<31>     |   18.103|
B<5>           |cout           |   17.363|
B<6>           |AddOut<6>      |    9.339|
B<6>           |AddOut<7>      |    9.928|
B<6>           |AddOut<8>      |    9.886|
B<6>           |AddOut<9>      |   10.073|
B<6>           |AddOut<10>     |   10.301|
B<6>           |AddOut<11>     |   10.862|
B<6>           |AddOut<12>     |   11.123|
B<6>           |AddOut<13>     |   11.272|
B<6>           |AddOut<14>     |   10.629|
B<6>           |AddOut<15>     |   11.299|
B<6>           |AddOut<16>     |   11.146|
B<6>           |AddOut<17>     |   11.711|
B<6>           |AddOut<18>     |   11.629|
B<6>           |AddOut<19>     |   12.012|
B<6>           |AddOut<20>     |   12.124|
B<6>           |AddOut<21>     |   12.424|
B<6>           |AddOut<22>     |   12.775|
B<6>           |AddOut<23>     |   13.605|
B<6>           |AddOut<24>     |   13.539|
B<6>           |AddOut<25>     |   14.062|
B<6>           |AddOut<26>     |   15.479|
B<6>           |AddOut<27>     |   16.077|
B<6>           |AddOut<28>     |   15.776|
B<6>           |AddOut<29>     |   16.384|
B<6>           |AddOut<30>     |   16.972|
B<6>           |AddOut<31>     |   17.577|
B<6>           |cout           |   16.837|
B<7>           |AddOut<7>      |    9.460|
B<7>           |AddOut<8>      |    9.259|
B<7>           |AddOut<9>      |    9.446|
B<7>           |AddOut<10>     |    9.674|
B<7>           |AddOut<11>     |   10.235|
B<7>           |AddOut<12>     |   10.496|
B<7>           |AddOut<13>     |   10.645|
B<7>           |AddOut<14>     |   10.002|
B<7>           |AddOut<15>     |   10.672|
B<7>           |AddOut<16>     |   10.519|
B<7>           |AddOut<17>     |   11.084|
B<7>           |AddOut<18>     |   11.002|
B<7>           |AddOut<19>     |   11.385|
B<7>           |AddOut<20>     |   11.497|
B<7>           |AddOut<21>     |   11.797|
B<7>           |AddOut<22>     |   12.148|
B<7>           |AddOut<23>     |   12.978|
B<7>           |AddOut<24>     |   12.912|
B<7>           |AddOut<25>     |   13.435|
B<7>           |AddOut<26>     |   14.852|
B<7>           |AddOut<27>     |   15.450|
B<7>           |AddOut<28>     |   15.149|
B<7>           |AddOut<29>     |   15.757|
B<7>           |AddOut<30>     |   16.345|
B<7>           |AddOut<31>     |   16.950|
B<7>           |cout           |   16.210|
B<8>           |AddOut<8>      |    9.421|
B<8>           |AddOut<9>      |    9.604|
B<8>           |AddOut<10>     |    9.836|
B<8>           |AddOut<11>     |   10.397|
B<8>           |AddOut<12>     |   10.658|
B<8>           |AddOut<13>     |   10.807|
B<8>           |AddOut<14>     |   10.164|
B<8>           |AddOut<15>     |   10.834|
B<8>           |AddOut<16>     |   10.681|
B<8>           |AddOut<17>     |   11.246|
B<8>           |AddOut<18>     |   11.164|
B<8>           |AddOut<19>     |   11.547|
B<8>           |AddOut<20>     |   11.659|
B<8>           |AddOut<21>     |   11.959|
B<8>           |AddOut<22>     |   12.310|
B<8>           |AddOut<23>     |   13.140|
B<8>           |AddOut<24>     |   13.074|
B<8>           |AddOut<25>     |   13.597|
B<8>           |AddOut<26>     |   15.014|
B<8>           |AddOut<27>     |   15.612|
B<8>           |AddOut<28>     |   15.311|
B<8>           |AddOut<29>     |   15.919|
B<8>           |AddOut<30>     |   16.507|
B<8>           |AddOut<31>     |   17.112|
B<8>           |cout           |   16.372|
B<9>           |AddOut<9>      |    9.240|
B<9>           |AddOut<10>     |    9.235|
B<9>           |AddOut<11>     |    9.712|
B<9>           |AddOut<12>     |    9.973|
B<9>           |AddOut<13>     |   10.122|
B<9>           |AddOut<14>     |    9.479|
B<9>           |AddOut<15>     |   10.149|
B<9>           |AddOut<16>     |    9.996|
B<9>           |AddOut<17>     |   10.561|
B<9>           |AddOut<18>     |   10.479|
B<9>           |AddOut<19>     |   10.862|
B<9>           |AddOut<20>     |   10.974|
B<9>           |AddOut<21>     |   11.274|
B<9>           |AddOut<22>     |   11.625|
B<9>           |AddOut<23>     |   12.455|
B<9>           |AddOut<24>     |   12.389|
B<9>           |AddOut<25>     |   12.912|
B<9>           |AddOut<26>     |   14.329|
B<9>           |AddOut<27>     |   14.927|
B<9>           |AddOut<28>     |   14.626|
B<9>           |AddOut<29>     |   15.234|
B<9>           |AddOut<30>     |   15.822|
B<9>           |AddOut<31>     |   16.427|
B<9>           |cout           |   15.687|
B<10>          |AddOut<10>     |    9.464|
B<10>          |AddOut<11>     |    9.780|
B<10>          |AddOut<12>     |   10.041|
B<10>          |AddOut<13>     |   10.190|
B<10>          |AddOut<14>     |    9.547|
B<10>          |AddOut<15>     |   10.217|
B<10>          |AddOut<16>     |   10.064|
B<10>          |AddOut<17>     |   10.629|
B<10>          |AddOut<18>     |   10.547|
B<10>          |AddOut<19>     |   10.930|
B<10>          |AddOut<20>     |   11.042|
B<10>          |AddOut<21>     |   11.342|
B<10>          |AddOut<22>     |   11.693|
B<10>          |AddOut<23>     |   12.523|
B<10>          |AddOut<24>     |   12.457|
B<10>          |AddOut<25>     |   12.980|
B<10>          |AddOut<26>     |   14.397|
B<10>          |AddOut<27>     |   14.995|
B<10>          |AddOut<28>     |   14.694|
B<10>          |AddOut<29>     |   15.302|
B<10>          |AddOut<30>     |   15.890|
B<10>          |AddOut<31>     |   16.495|
B<10>          |cout           |   15.755|
B<11>          |AddOut<11>     |    8.738|
B<11>          |AddOut<12>     |    8.980|
B<11>          |AddOut<13>     |    9.710|
B<11>          |AddOut<14>     |    9.067|
B<11>          |AddOut<15>     |    9.737|
B<11>          |AddOut<16>     |    9.584|
B<11>          |AddOut<17>     |   10.149|
B<11>          |AddOut<18>     |   10.067|
B<11>          |AddOut<19>     |   10.450|
B<11>          |AddOut<20>     |   10.562|
B<11>          |AddOut<21>     |   10.862|
B<11>          |AddOut<22>     |   11.213|
B<11>          |AddOut<23>     |   12.043|
B<11>          |AddOut<24>     |   11.977|
B<11>          |AddOut<25>     |   12.500|
B<11>          |AddOut<26>     |   13.917|
B<11>          |AddOut<27>     |   14.515|
B<11>          |AddOut<28>     |   14.214|
B<11>          |AddOut<29>     |   14.822|
B<11>          |AddOut<30>     |   15.410|
B<11>          |AddOut<31>     |   16.015|
B<11>          |cout           |   15.275|
B<12>          |AddOut<12>     |    8.765|
B<12>          |AddOut<13>     |    9.678|
B<12>          |AddOut<14>     |    9.035|
B<12>          |AddOut<15>     |    9.705|
B<12>          |AddOut<16>     |    9.552|
B<12>          |AddOut<17>     |   10.117|
B<12>          |AddOut<18>     |   10.035|
B<12>          |AddOut<19>     |   10.418|
B<12>          |AddOut<20>     |   10.530|
B<12>          |AddOut<21>     |   10.830|
B<12>          |AddOut<22>     |   11.181|
B<12>          |AddOut<23>     |   12.011|
B<12>          |AddOut<24>     |   11.945|
B<12>          |AddOut<25>     |   12.468|
B<12>          |AddOut<26>     |   13.885|
B<12>          |AddOut<27>     |   14.483|
B<12>          |AddOut<28>     |   14.182|
B<12>          |AddOut<29>     |   14.790|
B<12>          |AddOut<30>     |   15.378|
B<12>          |AddOut<31>     |   15.983|
B<12>          |cout           |   15.243|
B<13>          |AddOut<13>     |    8.992|
B<13>          |AddOut<14>     |    7.943|
B<13>          |AddOut<15>     |    8.946|
B<13>          |AddOut<16>     |    8.793|
B<13>          |AddOut<17>     |    9.358|
B<13>          |AddOut<18>     |    9.276|
B<13>          |AddOut<19>     |    9.659|
B<13>          |AddOut<20>     |    9.771|
B<13>          |AddOut<21>     |   10.071|
B<13>          |AddOut<22>     |   10.422|
B<13>          |AddOut<23>     |   11.252|
B<13>          |AddOut<24>     |   11.186|
B<13>          |AddOut<25>     |   11.709|
B<13>          |AddOut<26>     |   13.126|
B<13>          |AddOut<27>     |   13.724|
B<13>          |AddOut<28>     |   13.423|
B<13>          |AddOut<29>     |   14.031|
B<13>          |AddOut<30>     |   14.619|
B<13>          |AddOut<31>     |   15.224|
B<13>          |cout           |   14.484|
B<14>          |AddOut<14>     |    7.887|
B<14>          |AddOut<15>     |    9.359|
B<14>          |AddOut<16>     |    9.206|
B<14>          |AddOut<17>     |    9.771|
B<14>          |AddOut<18>     |    9.689|
B<14>          |AddOut<19>     |   10.072|
B<14>          |AddOut<20>     |   10.184|
B<14>          |AddOut<21>     |   10.484|
B<14>          |AddOut<22>     |   10.835|
B<14>          |AddOut<23>     |   11.665|
B<14>          |AddOut<24>     |   11.599|
B<14>          |AddOut<25>     |   12.122|
B<14>          |AddOut<26>     |   13.539|
B<14>          |AddOut<27>     |   14.137|
B<14>          |AddOut<28>     |   13.836|
B<14>          |AddOut<29>     |   14.444|
B<14>          |AddOut<30>     |   15.032|
B<14>          |AddOut<31>     |   15.637|
B<14>          |cout           |   14.897|
B<15>          |AddOut<15>     |    9.355|
B<15>          |AddOut<16>     |    9.624|
B<15>          |AddOut<17>     |   10.396|
B<15>          |AddOut<18>     |   10.314|
B<15>          |AddOut<19>     |   10.697|
B<15>          |AddOut<20>     |   10.809|
B<15>          |AddOut<21>     |   11.109|
B<15>          |AddOut<22>     |   11.460|
B<15>          |AddOut<23>     |   12.290|
B<15>          |AddOut<24>     |   12.224|
B<15>          |AddOut<25>     |   12.747|
B<15>          |AddOut<26>     |   14.164|
B<15>          |AddOut<27>     |   14.762|
B<15>          |AddOut<28>     |   14.461|
B<15>          |AddOut<29>     |   15.069|
B<15>          |AddOut<30>     |   15.657|
B<15>          |AddOut<31>     |   16.262|
B<15>          |cout           |   15.522|
B<16>          |AddOut<16>     |    9.227|
B<16>          |AddOut<17>     |   10.122|
B<16>          |AddOut<18>     |   10.040|
B<16>          |AddOut<19>     |   10.423|
B<16>          |AddOut<20>     |   10.535|
B<16>          |AddOut<21>     |   10.835|
B<16>          |AddOut<22>     |   11.186|
B<16>          |AddOut<23>     |   12.016|
B<16>          |AddOut<24>     |   11.950|
B<16>          |AddOut<25>     |   12.473|
B<16>          |AddOut<26>     |   13.890|
B<16>          |AddOut<27>     |   14.488|
B<16>          |AddOut<28>     |   14.187|
B<16>          |AddOut<29>     |   14.795|
B<16>          |AddOut<30>     |   15.383|
B<16>          |AddOut<31>     |   15.988|
B<16>          |cout           |   15.248|
B<17>          |AddOut<17>     |    9.469|
B<17>          |AddOut<18>     |    9.073|
B<17>          |AddOut<19>     |    9.873|
B<17>          |AddOut<20>     |    9.985|
B<17>          |AddOut<21>     |   10.285|
B<17>          |AddOut<22>     |   10.636|
B<17>          |AddOut<23>     |   11.466|
B<17>          |AddOut<24>     |   11.400|
B<17>          |AddOut<25>     |   11.923|
B<17>          |AddOut<26>     |   13.340|
B<17>          |AddOut<27>     |   13.938|
B<17>          |AddOut<28>     |   13.637|
B<17>          |AddOut<29>     |   14.245|
B<17>          |AddOut<30>     |   14.833|
B<17>          |AddOut<31>     |   15.438|
B<17>          |cout           |   14.698|
B<18>          |AddOut<18>     |    9.246|
B<18>          |AddOut<19>     |   10.325|
B<18>          |AddOut<20>     |   10.437|
B<18>          |AddOut<21>     |   10.737|
B<18>          |AddOut<22>     |   11.088|
B<18>          |AddOut<23>     |   11.918|
B<18>          |AddOut<24>     |   11.852|
B<18>          |AddOut<25>     |   12.375|
B<18>          |AddOut<26>     |   13.792|
B<18>          |AddOut<27>     |   14.390|
B<18>          |AddOut<28>     |   14.089|
B<18>          |AddOut<29>     |   14.697|
B<18>          |AddOut<30>     |   15.285|
B<18>          |AddOut<31>     |   15.890|
B<18>          |cout           |   15.150|
B<19>          |AddOut<19>     |    9.286|
B<19>          |AddOut<20>     |    9.362|
B<19>          |AddOut<21>     |   10.073|
B<19>          |AddOut<22>     |   10.424|
B<19>          |AddOut<23>     |   11.254|
B<19>          |AddOut<24>     |   11.188|
B<19>          |AddOut<25>     |   11.711|
B<19>          |AddOut<26>     |   13.128|
B<19>          |AddOut<27>     |   13.726|
B<19>          |AddOut<28>     |   13.425|
B<19>          |AddOut<29>     |   14.033|
B<19>          |AddOut<30>     |   14.621|
B<19>          |AddOut<31>     |   15.226|
B<19>          |cout           |   14.486|
B<20>          |AddOut<20>     |    9.361|
B<20>          |AddOut<21>     |    9.990|
B<20>          |AddOut<22>     |   10.341|
B<20>          |AddOut<23>     |   11.171|
B<20>          |AddOut<24>     |   11.105|
B<20>          |AddOut<25>     |   11.628|
B<20>          |AddOut<26>     |   13.045|
B<20>          |AddOut<27>     |   13.643|
B<20>          |AddOut<28>     |   13.342|
B<20>          |AddOut<29>     |   13.950|
B<20>          |AddOut<30>     |   14.538|
B<20>          |AddOut<31>     |   15.143|
B<20>          |cout           |   14.403|
B<21>          |AddOut<21>     |    9.106|
B<21>          |AddOut<22>     |    9.542|
B<21>          |AddOut<23>     |   10.138|
B<21>          |AddOut<24>     |   10.072|
B<21>          |AddOut<25>     |   10.595|
B<21>          |AddOut<26>     |   12.012|
B<21>          |AddOut<27>     |   12.610|
B<21>          |AddOut<28>     |   12.309|
B<21>          |AddOut<29>     |   12.917|
B<21>          |AddOut<30>     |   13.505|
B<21>          |AddOut<31>     |   14.110|
B<21>          |cout           |   13.370|
B<22>          |AddOut<22>     |    9.533|
B<22>          |AddOut<23>     |   10.404|
B<22>          |AddOut<24>     |   10.338|
B<22>          |AddOut<25>     |   10.861|
B<22>          |AddOut<26>     |   12.278|
B<22>          |AddOut<27>     |   12.876|
B<22>          |AddOut<28>     |   12.575|
B<22>          |AddOut<29>     |   13.183|
B<22>          |AddOut<30>     |   13.771|
B<22>          |AddOut<31>     |   14.376|
B<22>          |cout           |   13.636|
B<23>          |AddOut<23>     |    9.547|
B<23>          |AddOut<24>     |    9.516|
B<23>          |AddOut<25>     |   10.412|
B<23>          |AddOut<26>     |   11.829|
B<23>          |AddOut<27>     |   12.427|
B<23>          |AddOut<28>     |   12.126|
B<23>          |AddOut<29>     |   12.734|
B<23>          |AddOut<30>     |   13.322|
B<23>          |AddOut<31>     |   13.927|
B<23>          |cout           |   13.187|
B<24>          |AddOut<24>     |    9.533|
B<24>          |AddOut<25>     |   10.154|
B<24>          |AddOut<26>     |   11.571|
B<24>          |AddOut<27>     |   12.169|
B<24>          |AddOut<28>     |   11.868|
B<24>          |AddOut<29>     |   12.476|
B<24>          |AddOut<30>     |   13.064|
B<24>          |AddOut<31>     |   13.669|
B<24>          |cout           |   12.929|
B<25>          |AddOut<25>     |    9.222|
B<25>          |AddOut<26>     |   10.111|
B<25>          |AddOut<27>     |   11.173|
B<25>          |AddOut<28>     |   10.872|
B<25>          |AddOut<29>     |   11.480|
B<25>          |AddOut<30>     |   12.068|
B<25>          |AddOut<31>     |   12.673|
B<25>          |cout           |   11.933|
B<26>          |AddOut<26>     |   10.236|
B<26>          |AddOut<27>     |   11.158|
B<26>          |AddOut<28>     |   10.857|
B<26>          |AddOut<29>     |   11.465|
B<26>          |AddOut<30>     |   12.053|
B<26>          |AddOut<31>     |   12.658|
B<26>          |cout           |   11.918|
B<27>          |AddOut<27>     |   10.247|
B<27>          |AddOut<28>     |   10.363|
B<27>          |AddOut<29>     |   11.125|
B<27>          |AddOut<30>     |   11.713|
B<27>          |AddOut<31>     |   12.318|
B<27>          |cout           |   11.578|
B<28>          |AddOut<28>     |   10.026|
B<28>          |AddOut<29>     |   10.718|
B<28>          |AddOut<30>     |   11.306|
B<28>          |AddOut<31>     |   11.911|
B<28>          |cout           |   11.171|
B<29>          |AddOut<29>     |    9.731|
B<29>          |AddOut<30>     |    9.660|
B<29>          |AddOut<31>     |   10.264|
B<29>          |cout           |    9.524|
B<30>          |AddOut<30>     |   10.022|
B<30>          |AddOut<31>     |   10.599|
B<30>          |cout           |    9.859|
B<31>          |AddOut<31>     |   10.069|
B<31>          |cout           |    9.329|
---------------+---------------+---------+


Analysis completed Mon May 26 11:20:08 2025 
--------------------------------------------------------------------------------

Trace Settings:
-------------------------
Trace Settings 

Peak Memory Usage: 4553 MB



